{"timestamp":"2025-05-22T14:01:39,005","container":"a403c2c2ec3d","level":"INFO","thread":"main","class":"Besu","message":"Starting Besu","throwable":""}
{"timestamp":"2025-05-22T14:01:41,049","container":"a403c2c2ec3d","level":"WARN","thread":"main","class":"Besu","message":"--min-gas-price has been ignored because --miner-enabled was not defined on the command line.","throwable":""}
{"timestamp":"2025-05-22T14:01:43,857","container":"a403c2c2ec3d","level":"INFO","thread":"main","class":"Besu","message":"
####################################################################################################
#                                                                                                  #
# Besu version 23.4.1                                                                              #
#                                                                                                  #
# Configuration:                                                                                   #
# Network: Custom genesis file specified                                                           #
# Network Id: 1337                                                                                 #
# Data storage: Forest                                                                             #
# Sync mode: Full                                                                                  #
# RPC HTTP APIs: EEA,WEB3,ETH,NET,TRACE,DEBUG,ADMIN,TXPOOL,PRIV,PERM,QBFT                          #
# RPC HTTP port: 8545                                                                              #
#                                                                                                  #
# Host:                                                                                            #
# Java: openjdk-java-17                                                                            #
# Maximum heap size: 1.92 GB                                                                       #
# OS: linux-x86_64                                                                                 #
# glibc: 2.35                                                                                      #
# jemalloc: 5.2.1-0-gea6b3e973b477b8061e0076bb257dbd7f3faa756                                      #
# Total memory: 7.68 GB                                                                            #
# CPU cores: 8                                                                                     #
#                                                                                                  #
####################################################################################################","throwable":""}
{"timestamp":"2025-05-22T14:01:43,858","container":"a403c2c2ec3d","level":"INFO","thread":"main","class":"Besu","message":"Connecting to 8 static nodes.","throwable":""}
{"timestamp":"2025-05-22T14:01:43,866","container":"a403c2c2ec3d","level":"INFO","thread":"main","class":"Besu","message":"Security Module: localfile","throwable":""}
{"timestamp":"2025-05-22T14:01:44,287","container":"a403c2c2ec3d","level":"INFO","thread":"main","class":"Besu","message":"Using the native implementation of alt bn128","throwable":""}
{"timestamp":"2025-05-22T14:01:44,624","container":"a403c2c2ec3d","level":"INFO","thread":"main","class":"Besu","message":"Using the native implementation of modexp","throwable":""}
{"timestamp":"2025-05-22T14:01:44,652","container":"a403c2c2ec3d","level":"INFO","thread":"main","class":"Besu","message":"Using the native implementation of the signature algorithm","throwable":""}
{"timestamp":"2025-05-22T14:01:44,666","container":"a403c2c2ec3d","level":"INFO","thread":"main","class":"Besu","message":"Using the native implementation of the blake2bf algorithm","throwable":""}
{"timestamp":"2025-05-22T14:01:44,804","container":"a403c2c2ec3d","level":"INFO","thread":"main","class":"RocksDBKeyValueStorageFactory","message":"No existing database detected at /opt/besu/data. Using version 1","throwable":""}
{"timestamp":"2025-05-22T14:01:49,305","container":"a403c2c2ec3d","level":"INFO","thread":"main","class":"KeyPairUtil","message":"Loaded public key 0x86fcc16f4730fbfd238dc17ea552854c0943923bb1d5e886e5601b8d884fb0519060e0023f495dd24ffe60a65660fb7fdcdebfceedd2b3673dfa63658825924b from /opt/besu/keys/nodekey","throwable":""}
{"timestamp":"2025-05-22T14:01:49,330","container":"a403c2c2ec3d","level":"WARN","thread":"main","class":"Besu","message":"Privacy is disabled. Cannot use EEA/PRIV API methods when not using Privacy.","throwable":""}
{"timestamp":"2025-05-22T14:01:50,100","container":"a403c2c2ec3d","level":"INFO","thread":"main","class":"ProtocolScheduleBuilder","message":"Protocol schedule created with milestones: [GrayGlacier: 0]","throwable":""}
{"timestamp":"2025-05-22T14:01:50,871","container":"a403c2c2ec3d","level":"INFO","thread":"main","class":"TransactionPoolFactory","message":"Enabling transaction pool","throwable":""}
{"timestamp":"2025-05-22T14:01:50,966","container":"a403c2c2ec3d","level":"INFO","thread":"main","class":"BesuControllerBuilder","message":"TTD difficulty is not present, creating initial sync phase for PoW","throwable":""}
{"timestamp":"2025-05-22T14:01:51,271","container":"a403c2c2ec3d","level":"INFO","thread":"main","class":"RunnerBuilder","message":"Detecting NAT service.","throwable":""}
{"timestamp":"2025-05-22T14:01:54,327","container":"a403c2c2ec3d","level":"INFO","thread":"main","class":"Runner","message":"Starting external services ... ","throwable":""}
{"timestamp":"2025-05-22T14:01:54,329","container":"a403c2c2ec3d","level":"INFO","thread":"main","class":"MetricsHttpService","message":"Starting metrics http service on 0.0.0.0:9545","throwable":""}
{"timestamp":"2025-05-22T14:01:54,865","container":"a403c2c2ec3d","level":"INFO","thread":"vert.x-eventloop-thread-1","class":"MetricsHttpService","message":"Metrics service started and listening on 0.0.0.0:9545","throwable":""}
{"timestamp":"2025-05-22T14:01:54,866","container":"a403c2c2ec3d","level":"INFO","thread":"main","class":"JsonRpcHttpService","message":"Starting JSON-RPC service on 0.0.0.0:8545","throwable":""}
{"timestamp":"2025-05-22T14:01:54,989","container":"a403c2c2ec3d","level":"INFO","thread":"vert.x-eventloop-thread-1","class":"JsonRpcHttpService","message":"JSON-RPC service started and listening on 0.0.0.0:8545","throwable":""}
{"timestamp":"2025-05-22T14:01:54,993","container":"a403c2c2ec3d","level":"INFO","thread":"main","class":"GraphQLHttpService","message":"Starting GraphQL HTTP service on 0.0.0.0:8547","throwable":""}
{"timestamp":"2025-05-22T14:01:54,998","container":"a403c2c2ec3d","level":"INFO","thread":"vert.x-eventloop-thread-1","class":"GraphQLHttpService","message":"GraphQL HTTP service started and listening on 0.0.0.0:8547","throwable":""}
{"timestamp":"2025-05-22T14:01:55,001","container":"a403c2c2ec3d","level":"INFO","thread":"main","class":"WebSocketService","message":"Starting Websocket service on 0.0.0.0:8546","throwable":""}
{"timestamp":"2025-05-22T14:01:55,022","container":"a403c2c2ec3d","level":"INFO","thread":"vert.x-eventloop-thread-1","class":"WebSocketService","message":"Websocket service started and listening on 0.0.0.0:8546","throwable":""}
{"timestamp":"2025-05-22T14:01:55,039","container":"a403c2c2ec3d","level":"INFO","thread":"main","class":"AutoTransactionLogBloomCachingService","message":"Starting auto transaction log bloom caching service.","throwable":""}
{"timestamp":"2025-05-22T14:01:55,053","container":"a403c2c2ec3d","level":"INFO","thread":"main","class":"LogBloomCacheMetadata","message":"Lookup cache metadata file in data directory: /opt/besu/data/caches","throwable":""}
{"timestamp":"2025-05-22T14:01:55,113","container":"a403c2c2ec3d","level":"INFO","thread":"main","class":"Runner","message":"Starting Ethereum main loop ... ","throwable":""}
{"timestamp":"2025-05-22T14:01:55,136","container":"a403c2c2ec3d","level":"INFO","thread":"main","class":"DockerNatManager","message":"Starting docker NAT manager.","throwable":""}
{"timestamp":"2025-05-22T14:02:05,168","container":"a403c2c2ec3d","level":"INFO","thread":"main","class":"NetworkRunner","message":"Starting Network.","throwable":""}
{"timestamp":"2025-05-22T14:02:05,186","container":"a403c2c2ec3d","level":"INFO","thread":"nioEventLoopGroup-2-1","class":"RlpxAgent","message":"P2P RLPx agent started and listening on /[0:0:0:0:0:0:0:0]:30303.","throwable":""}
{"timestamp":"2025-05-22T14:02:05,188","container":"a403c2c2ec3d","level":"INFO","thread":"main","class":"PeerDiscoveryAgent","message":"Starting peer discovery agent on host=0.0.0.0, port=30303","throwable":""}
{"timestamp":"2025-05-22T14:02:05,223","container":"a403c2c2ec3d","level":"INFO","thread":"vert.x-eventloop-thread-1","class":"VertxPeerDiscoveryAgent","message":"Started peer discovery agent successfully, on effective host=0:0:0:0:0:0:0:0%0 and port=30303","throwable":""}
{"timestamp":"2025-05-22T14:02:05,225","container":"a403c2c2ec3d","level":"INFO","thread":"vert.x-eventloop-thread-1","class":"PeerDiscoveryAgent","message":"P2P peer discovery agent started and listening on /[0:0:0:0:0:0:0:0%0]:30303","throwable":""}
{"timestamp":"2025-05-22T14:02:05,354","container":"a403c2c2ec3d","level":"INFO","thread":"vert.x-eventloop-thread-1","class":"PeerDiscoveryAgent","message":"Writing node record to disk. NodeRecord{seq=1, publicKey=0x0386fcc16f4730fbfd238dc17ea552854c0943923bb1d5e886e5601b8d884fb051, udpAddress=Optional[/172.16.239.15:30303], tcpAddress=Optional[/172.16.239.15:30303], asBase64=-Je4QOxyHXxV6ZzNHKaPSqpf_YRL0lOyGp6TSjDkSB8AA9M2Hkfk-akqDQhAraJXRVy-xTEKDxFzctd2ohaZZrt-fqABg2V0aMfGhGpSrW2AgmlkgnY0gmlwhKwQ7w-Jc2VjcDI1NmsxoQOG_MFvRzD7_SONwX6lUoVMCUOSO7HV6IblYBuNiE-wUYN0Y3CCdl-DdWRwgnZf, nodeId=0x133b4f32d7750cdfd4048f04df8b560be949c229c821731554c33ead5e3888a4, customFields={tcp=30303, udp=30303, ip=0xac10ef0f, eth=[[0x6a52ad6d, 0x]], id=V4, secp256k1=0x0386fcc16f4730fbfd238dc17ea552854c0943923bb1d5e886e5601b8d884fb051}}","throwable":""}
{"timestamp":"2025-05-22T14:02:05,484","container":"a403c2c2ec3d","level":"INFO","thread":"main","class":"DefaultP2PNetwork","message":"Enode URL enode://86fcc16f4730fbfd238dc17ea552854c0943923bb1d5e886e5601b8d884fb0519060e0023f495dd24ffe60a65660fb7fdcdebfceedd2b3673dfa63658825924b@172.16.239.15:30303","throwable":""}
{"timestamp":"2025-05-22T14:02:05,485","container":"a403c2c2ec3d","level":"INFO","thread":"main","class":"DefaultP2PNetwork","message":"Node address 0xdf8b560be949c229c821731554c33ead5e3888a4","throwable":""}
{"timestamp":"2025-05-22T14:02:05,696","container":"a403c2c2ec3d","level":"INFO","thread":"main","class":"NetworkRunner","message":"Supported capabilities: [eth/62, eth/63, eth/64, eth/65, eth/66, eth/67, eth/68], [istanbul/100], [snap/1]","throwable":""}
{"timestamp":"2025-05-22T14:02:05,697","container":"a403c2c2ec3d","level":"INFO","thread":"main","class":"DefaultSynchronizer","message":"Starting synchronizer.","throwable":""}
{"timestamp":"2025-05-22T14:02:05,701","container":"a403c2c2ec3d","level":"INFO","thread":"main","class":"TransactionPoolFactory","message":"Enabling transaction handling following initial sync","throwable":""}
{"timestamp":"2025-05-22T14:02:05,708","container":"a403c2c2ec3d","level":"INFO","thread":"main","class":"FullSyncDownloader","message":"Starting full sync.","throwable":""}
{"timestamp":"2025-05-22T14:02:05,709","container":"a403c2c2ec3d","level":"INFO","thread":"main","class":"FullSyncTargetManager","message":"Unable to find sync target. Currently checking 0 peers for usefulness","throwable":""}
{"timestamp":"2025-05-22T14:02:06,226","container":"a403c2c2ec3d","level":"INFO","thread":"main","class":"Runner","message":"Ethereum main loop is up.","throwable":""}
{"timestamp":"2025-05-22T14:02:06,928","container":"a403c2c2ec3d","level":"INFO","thread":"nioEventLoopGroup-3-8","class":"FullSyncTargetManager","message":"Unable to find sync target. Currently checking 1 peers for usefulness","throwable":""}
{"timestamp":"2025-05-22T14:02:07,045","container":"a403c2c2ec3d","level":"INFO","thread":"nioEventLoopGroup-3-3","class":"FullSyncTargetManager","message":"Unable to find sync target. Currently checking 2 peers for usefulness","throwable":""}
{"timestamp":"2025-05-22T14:02:07,167","container":"a403c2c2ec3d","level":"INFO","thread":"nioEventLoopGroup-3-5","class":"FullSyncTargetManager","message":"Unable to find sync target. Currently checking 3 peers for usefulness","throwable":""}
{"timestamp":"2025-05-22T14:02:07,310","container":"a403c2c2ec3d","level":"INFO","thread":"nioEventLoopGroup-3-6","class":"FullSyncTargetManager","message":"Unable to find sync target. Currently checking 4 peers for usefulness","throwable":""}
{"timestamp":"2025-05-22T14:02:07,445","container":"a403c2c2ec3d","level":"INFO","thread":"nioEventLoopGroup-3-2","class":"FullSyncTargetManager","message":"Unable to find sync target. Currently checking 5 peers for usefulness","throwable":""}
{"timestamp":"2025-05-22T14:02:12,453","container":"a403c2c2ec3d","level":"INFO","thread":"EthScheduler-Timer-0","class":"FullSyncTargetManager","message":"Unable to find sync target. Currently checking 5 peers for usefulness","throwable":""}
{"timestamp":"2025-05-22T14:02:17,105","container":"a403c2c2ec3d","level":"INFO","thread":"EthScheduler-Workers-0","class":"PersistBlockTask","message":"Imported #1 / 1 tx / 0 om / 2,000,000 (0.0%) gas / (0xe532c2e5795ea057415b434fa7cbc2bbc0d0e6439fd64b8aaf1b3a70c4424d99) in 0.076s. Peers: 5","throwable":""}
{"timestamp":"2025-05-22T14:02:17,454","container":"a403c2c2ec3d","level":"INFO","thread":"EthScheduler-Timer-0","class":"FullSyncTargetManager","message":"Unable to find sync target. Currently checking 5 peers for usefulness","throwable":""}
{"timestamp":"2025-05-22T14:02:22,455","container":"a403c2c2ec3d","level":"INFO","thread":"EthScheduler-Timer-0","class":"FullSyncTargetManager","message":"Unable to find sync target. Currently checking 5 peers for usefulness","throwable":""}
{"timestamp":"2025-05-22T14:02:24,128","container":"a403c2c2ec3d","level":"INFO","thread":"EthScheduler-Workers-0","class":"PersistBlockTask","message":"Imported #2 / 1 tx / 0 om / 21,876 (0.0%) gas / (0x87605ab129c1bb924d7c8792838829a05a89e4a7e557a4e7b3809179fb1c8e01) in 0.036s. Peers: 5","throwable":""}
{"timestamp":"2025-05-22T14:02:32,099","container":"a403c2c2ec3d","level":"INFO","thread":"EthScheduler-Workers-0","class":"PersistBlockTask","message":"Imported #3 / 0 tx / 0 om / 0 (0.0%) gas / (0x35358860c111b720c0a02407f93e9255407d3c6fa5082462fec6ea8b41caaef9) in 0.010s. Peers: 5","throwable":""}
{"timestamp":"2025-05-22T14:02:40,044","container":"a403c2c2ec3d","level":"INFO","thread":"EthScheduler-Workers-0","class":"PersistBlockTask","message":"Imported #4 / 0 tx / 0 om / 0 (0.0%) gas / (0x7d622821cdef3d5eb8f1d118cbd247ca11ba943eacb2fac2a1bddd5e44d573f6) in 0.004s. Peers: 5","throwable":""}
{"timestamp":"2025-05-22T14:02:48,043","container":"a403c2c2ec3d","level":"INFO","thread":"EthScheduler-Workers-0","class":"PersistBlockTask","message":"Imported #5 / 0 tx / 0 om / 0 (0.0%) gas / (0x9ce7f4439a4ff35764adf1015a5af61c26b5233b93c4fab0e3e479b93815fb5a) in 0.003s. Peers: 5","throwable":""}
{"timestamp":"2025-05-22T14:02:56,122","container":"a403c2c2ec3d","level":"INFO","thread":"EthScheduler-Workers-0","class":"PersistBlockTask","message":"Imported #6 / 0 tx / 0 om / 0 (0.0%) gas / (0x1bf2ac08e6e6a01075afacb5427255160be531eb03461dcec5398cb528464e2a) in 0.016s. Peers: 5","throwable":""}
{"timestamp":"2025-05-22T14:03:04,058","container":"a403c2c2ec3d","level":"INFO","thread":"EthScheduler-Workers-0","class":"PersistBlockTask","message":"Imported #7 / 0 tx / 0 om / 0 (0.0%) gas / (0xec38e09924f8e499b520bd5206fafdb624e645c11b0c094c9375ff59ba3a834b) in 0.005s. Peers: 5","throwable":""}
{"timestamp":"2025-05-22T14:03:12,088","container":"a403c2c2ec3d","level":"INFO","thread":"EthScheduler-Workers-0","class":"PersistBlockTask","message":"Imported #8 / 0 tx / 0 om / 0 (0.0%) gas / (0xec2247521e066be3eb01b9fc12239e1f80cd21b171a97c67cde4009ee088c708) in 0.014s. Peers: 5","throwable":""}
{"timestamp":"2025-05-22T14:03:20,097","container":"a403c2c2ec3d","level":"INFO","thread":"EthScheduler-Workers-0","class":"PersistBlockTask","message":"Imported #9 / 0 tx / 0 om / 0 (0.0%) gas / (0x924e70548d36893a25f71d5c4381a3dfb81780f8f8bb01fee1fc9f5a5cacee3a) in 0.005s. Peers: 5","throwable":""}
{"timestamp":"2025-05-22T14:03:28,076","container":"a403c2c2ec3d","level":"INFO","thread":"EthScheduler-Workers-0","class":"PersistBlockTask","message":"Imported #10 / 0 tx / 0 om / 0 (0.0%) gas / (0x87b3199294bf14001a1af900840c1834e6b986c5f376a00eea5fa77cf85aca30) in 0.006s. Peers: 5","throwable":""}
{"timestamp":"2025-05-22T14:03:36,066","container":"a403c2c2ec3d","level":"INFO","thread":"EthScheduler-Workers-0","class":"PersistBlockTask","message":"Imported #11 / 0 tx / 0 om / 0 (0.0%) gas / (0x276564470c0bc8e052d59e596c0d32b1d9563f7541d969c6f90914271fd512af) in 0.009s. Peers: 5","throwable":""}
{"timestamp":"2025-05-22T14:03:44,084","container":"a403c2c2ec3d","level":"INFO","thread":"EthScheduler-Workers-0","class":"PersistBlockTask","message":"Imported #12 / 0 tx / 0 om / 0 (0.0%) gas / (0x035e4330df6de99eee5084c8931bee54c255b70addb6f6953f54f98bb2f366c3) in 0.025s. Peers: 5","throwable":""}
{"timestamp":"2025-05-22T14:03:52,060","container":"a403c2c2ec3d","level":"INFO","thread":"EthScheduler-Workers-0","class":"PersistBlockTask","message":"Imported #13 / 0 tx / 0 om / 0 (0.0%) gas / (0x11adae0e1f7d64999029e06429c7ddbbb23e77b93ee0675a21be6e5cd7deb4c0) in 0.005s. Peers: 5","throwable":""}
{"timestamp":"2025-05-22T14:04:00,050","container":"a403c2c2ec3d","level":"INFO","thread":"EthScheduler-Workers-0","class":"PersistBlockTask","message":"Imported #14 / 0 tx / 0 om / 0 (0.0%) gas / (0x8bb304a3c7972cb6f2508fa5bbc8f08bdb479d9cb028d35316cc485946847445) in 0.003s. Peers: 5","throwable":""}
{"timestamp":"2025-05-22T14:04:08,036","container":"a403c2c2ec3d","level":"INFO","thread":"EthScheduler-Workers-0","class":"PersistBlockTask","message":"Imported #15 / 0 tx / 0 om / 0 (0.0%) gas / (0x355fecaaefc1abad8795a0588997f33bfc32c1543a3f224b068c758e9dd5cd71) in 0.004s. Peers: 5","throwable":""}
{"timestamp":"2025-05-22T14:04:16,038","container":"a403c2c2ec3d","level":"INFO","thread":"EthScheduler-Workers-0","class":"PersistBlockTask","message":"Imported #16 / 0 tx / 0 om / 0 (0.0%) gas / (0xecd51cf518e610baa33b10f01807f397f281a547a46e5a4fb26e2a5b7d0797f0) in 0.006s. Peers: 5","throwable":""}
{"timestamp":"2025-05-22T14:04:24,058","container":"a403c2c2ec3d","level":"INFO","thread":"EthScheduler-Workers-0","class":"PersistBlockTask","message":"Imported #17 / 0 tx / 0 om / 0 (0.0%) gas / (0x3e27d238d9846bf94d5d3fefad622e4f0cf2cce1b7bb5b2d3e2eb0b72ed4f584) in 0.009s. Peers: 5","throwable":""}
{"timestamp":"2025-05-22T14:04:32,052","container":"a403c2c2ec3d","level":"INFO","thread":"EthScheduler-Workers-0","class":"PersistBlockTask","message":"Imported #18 / 1 tx / 0 om / 2,000,000 (0.0%) gas / (0xe4586da15236e37be5c2d31d62337b23bf3f048ed0f5a1cb89d1e51a72fe6f57) in 0.008s. Peers: 5","throwable":""}
{"timestamp":"2025-05-22T14:04:40,047","container":"a403c2c2ec3d","level":"INFO","thread":"EthScheduler-Workers-0","class":"PersistBlockTask","message":"Imported #19 / 1 tx / 0 om / 21,876 (0.0%) gas / (0xeb0ece98af834c9ace32b74eaceed5daef55e8ceb82fe3fa11a1c67ed016d841) in 0.008s. Peers: 5","throwable":""}
{"timestamp":"2025-05-22T14:04:48,043","container":"a403c2c2ec3d","level":"INFO","thread":"EthScheduler-Workers-0","class":"PersistBlockTask","message":"Imported #20 / 0 tx / 0 om / 0 (0.0%) gas / (0xf240ed06b3756e37433729214f1ec1af11a9fe15e1db0d592d28a73a919fe1bd) in 0.012s. Peers: 5","throwable":""}
{"timestamp":"2025-05-22T14:04:56,123","container":"a403c2c2ec3d","level":"INFO","thread":"EthScheduler-Workers-0","class":"PersistBlockTask","message":"Imported #21 / 0 tx / 0 om / 0 (0.0%) gas / (0x2540bdfb22b29bd60feccac7fa4572753907b25fe90856583f4e3ae8235ac188) in 0.005s. Peers: 5","throwable":""}
{"timestamp":"2025-05-22T14:05:04,042","container":"a403c2c2ec3d","level":"INFO","thread":"EthScheduler-Workers-0","class":"PersistBlockTask","message":"Imported #22 / 0 tx / 0 om / 0 (0.0%) gas / (0xe746daffe8a00c93d46ed5aa2e57aeb79c059b33839d1671b53f212ce76ffada) in 0.010s. Peers: 5","throwable":""}
{"timestamp":"2025-05-22T14:05:12,059","container":"a403c2c2ec3d","level":"INFO","thread":"EthScheduler-Workers-0","class":"PersistBlockTask","message":"Imported #23 / 0 tx / 0 om / 0 (0.0%) gas / (0xaab072e90a73dc1f99992bfdc04659186f65856b83a34fda9dc9a6d079557f54) in 0.003s. Peers: 5","throwable":""}
{"timestamp":"2025-05-22T14:05:20,032","container":"a403c2c2ec3d","level":"INFO","thread":"EthScheduler-Workers-0","class":"PersistBlockTask","message":"Imported #24 / 0 tx / 0 om / 0 (0.0%) gas / (0xa590280cf9cd79dd010347277bfeee503d2b6d31a0359c98d097dbc466b0365f) in 0.002s. Peers: 5","throwable":""}
{"timestamp":"2025-05-22T14:05:28,037","container":"a403c2c2ec3d","level":"INFO","thread":"EthScheduler-Workers-0","class":"PersistBlockTask","message":"Imported #25 / 0 tx / 0 om / 0 (0.0%) gas / (0x29d84b0a8ab5ac7669f74ff7daf6856f25e7e96b322c6b0ee59a772aad8a8b49) in 0.004s. Peers: 5","throwable":""}
{"timestamp":"2025-05-22T14:05:36,031","container":"a403c2c2ec3d","level":"INFO","thread":"EthScheduler-Workers-0","class":"PersistBlockTask","message":"Imported #26 / 0 tx / 0 om / 0 (0.0%) gas / (0x6551069bdf88e217dcc394cdaf242e523130f40ede0215534c6b4462f6d4c9ee) in 0.003s. Peers: 5","throwable":""}
{"timestamp":"2025-05-22T14:05:44,028","container":"a403c2c2ec3d","level":"INFO","thread":"EthScheduler-Workers-0","class":"PersistBlockTask","message":"Imported #27 / 0 tx / 0 om / 0 (0.0%) gas / (0x6f578a0215208ddf15ff90813ec19fa33d34c47488d39aa499fb7d613d97f255) in 0.005s. Peers: 5","throwable":""}
{"timestamp":"2025-05-22T14:05:52,042","container":"a403c2c2ec3d","level":"INFO","thread":"EthScheduler-Workers-0","class":"PersistBlockTask","message":"Imported #28 / 0 tx / 0 om / 0 (0.0%) gas / (0x8692ba047272a1827f45797625f7656f118d33bfab48448650825e318cb27dac) in 0.002s. Peers: 5","throwable":""}
{"timestamp":"2025-05-22T14:06:00,067","container":"a403c2c2ec3d","level":"INFO","thread":"EthScheduler-Workers-0","class":"PersistBlockTask","message":"Imported #29 / 0 tx / 0 om / 0 (0.0%) gas / (0x2c95f7f6ee0e34ee0c30830b840ba71e8418bd70c337cfe1f81c3f3798483ee6) in 0.016s. Peers: 5","throwable":""}
{"timestamp":"2025-05-22T14:06:08,058","container":"a403c2c2ec3d","level":"INFO","thread":"EthScheduler-Workers-0","class":"PersistBlockTask","message":"Imported #30 / 0 tx / 0 om / 0 (0.0%) gas / (0xf4aa76d59f146ad452bb6f273477df070fdb7752b3ed4c9a25e0c5cd9622518f) in 0.014s. Peers: 5","throwable":""}
{"timestamp":"2025-05-22T14:06:16,028","container":"a403c2c2ec3d","level":"INFO","thread":"EthScheduler-Workers-0","class":"PersistBlockTask","message":"Imported #31 / 0 tx / 0 om / 0 (0.0%) gas / (0x476c056c0c6a5e7705da4ff585d4b6f0d7349f238f18873af7af3376e9d5cf2e) in 0.002s. Peers: 5","throwable":""}
{"timestamp":"2025-05-22T14:06:24,168","container":"a403c2c2ec3d","level":"INFO","thread":"EthScheduler-Workers-0","class":"PersistBlockTask","message":"Imported #32 / 0 tx / 0 om / 0 (0.0%) gas / (0xc3bfaca414830fe1d5b166f40e7c8d0927a9e64552175bb1e87eaff68cc126a3) in 0.059s. Peers: 5","throwable":""}
{"timestamp":"2025-05-22T14:06:32,068","container":"a403c2c2ec3d","level":"INFO","thread":"EthScheduler-Workers-0","class":"PersistBlockTask","message":"Imported #33 / 0 tx / 0 om / 0 (0.0%) gas / (0x8e178526ceda04010044dd0917ea23fd8df33ac509bce971ac09c72e7fa044ae) in 0.004s. Peers: 5","throwable":""}
{"timestamp":"2025-05-22T14:06:40,022","container":"a403c2c2ec3d","level":"INFO","thread":"EthScheduler-Workers-0","class":"PersistBlockTask","message":"Imported #34 / 0 tx / 0 om / 0 (0.0%) gas / (0x68f2163e3ad64bf65288dce62ccc7be605db3f36521f518e885bd4e198ab49a4) in 0.002s. Peers: 5","throwable":""}
{"timestamp":"2025-05-22T14:06:48,061","container":"a403c2c2ec3d","level":"INFO","thread":"EthScheduler-Workers-0","class":"PersistBlockTask","message":"Imported #35 / 0 tx / 0 om / 0 (0.0%) gas / (0xf3e054413833a05ea34fda7cc77714f4cc67c235c8c5b96f72c063cd4a0af492) in 0.013s. Peers: 5","throwable":""}
{"timestamp":"2025-05-22T14:06:56,029","container":"a403c2c2ec3d","level":"INFO","thread":"EthScheduler-Workers-0","class":"PersistBlockTask","message":"Imported #36 / 0 tx / 0 om / 0 (0.0%) gas / (0x867796014b0f2c684ed7287ca9e127180b3c03fdf5eec3dddb9739f7fef1dc99) in 0.005s. Peers: 5","throwable":""}
{"timestamp":"2025-05-22T14:07:04,021","container":"a403c2c2ec3d","level":"INFO","thread":"EthScheduler-Workers-0","class":"PersistBlockTask","message":"Imported #37 / 0 tx / 0 om / 0 (0.0%) gas / (0xcfac88ae505434e98a1ddf5d54b469a854a483c5d06ea6e6dc101dc34b12123d) in 0.002s. Peers: 5","throwable":""}
{"timestamp":"2025-05-22T14:07:12,028","container":"a403c2c2ec3d","level":"INFO","thread":"EthScheduler-Workers-0","class":"PersistBlockTask","message":"Imported #38 / 0 tx / 0 om / 0 (0.0%) gas / (0x5f49bc8d6c00261a1982d1ada2710c8918a47cd06b4f112136389bd1ce608992) in 0.002s. Peers: 5","throwable":""}
{"timestamp":"2025-05-22T14:07:20,030","container":"a403c2c2ec3d","level":"INFO","thread":"EthScheduler-Workers-0","class":"PersistBlockTask","message":"Imported #39 / 0 tx / 0 om / 0 (0.0%) gas / (0x5141bd013c6cd638048ade1f4f2295e87e74dba37cc576d4d9b09778cf876314) in 0.003s. Peers: 5","throwable":""}
{"timestamp":"2025-05-22T14:07:28,030","container":"a403c2c2ec3d","level":"INFO","thread":"EthScheduler-Workers-0","class":"PersistBlockTask","message":"Imported #40 / 0 tx / 0 om / 0 (0.0%) gas / (0x928237f04aebccab6b15f4284f0ec43eec4407e810012187f206546b0d285736) in 0.003s. Peers: 5","throwable":""}
{"timestamp":"2025-05-22T14:07:36,112","container":"a403c2c2ec3d","level":"INFO","thread":"EthScheduler-Workers-0","class":"PersistBlockTask","message":"Imported #41 / 0 tx / 0 om / 0 (0.0%) gas / (0x4570c675ce15badad1f6011e40d751cce36abbe64afbbba9d2ce73b3f1ffedae) in 0.034s. Peers: 5","throwable":""}
{"timestamp":"2025-05-22T14:07:44,023","container":"a403c2c2ec3d","level":"INFO","thread":"EthScheduler-Workers-0","class":"PersistBlockTask","message":"Imported #42 / 0 tx / 0 om / 0 (0.0%) gas / (0x492be2f67b365ecd196ff2d090ff33952253aee0b44e4039e36f47f54bad1efb) in 0.002s. Peers: 5","throwable":""}
{"timestamp":"2025-05-22T14:07:52,032","container":"a403c2c2ec3d","level":"INFO","thread":"EthScheduler-Workers-0","class":"PersistBlockTask","message":"Imported #43 / 0 tx / 0 om / 0 (0.0%) gas / (0x1e5c1e9ab2ac5d13f2f2b01307ac54e9f788c6c8b5b52dfd5a1ea2d1ba023005) in 0.002s. Peers: 5","throwable":""}
{"timestamp":"2025-05-22T14:08:00,053","container":"a403c2c2ec3d","level":"INFO","thread":"EthScheduler-Workers-0","class":"PersistBlockTask","message":"Imported #44 / 1 tx / 0 om / 2,000,000 (0.0%) gas / (0x944d145fd5ef4e6899a780087668c66cbdc9e89d571a4bf3194f5aeb4c48974b) in 0.005s. Peers: 5","throwable":""}
{"timestamp":"2025-05-22T14:08:08,032","container":"a403c2c2ec3d","level":"INFO","thread":"EthScheduler-Workers-0","class":"PersistBlockTask","message":"Imported #45 / 1 tx / 0 om / 21,876 (0.0%) gas / (0xe7f9880f978b90a0a908e8fdf608418ad373aa4a3f9584bf003586a5a15df9c9) in 0.006s. Peers: 5","throwable":""}
{"timestamp":"2025-05-22T14:08:16,023","container":"a403c2c2ec3d","level":"INFO","thread":"EthScheduler-Workers-0","class":"PersistBlockTask","message":"Imported #46 / 0 tx / 0 om / 0 (0.0%) gas / (0x5a1645cbf87e635a2b31a778138dfd1e0360c24d09b1c42d5c4e8234a2857999) in 0.003s. Peers: 5","throwable":""}
{"timestamp":"2025-05-22T14:08:24,027","container":"a403c2c2ec3d","level":"INFO","thread":"EthScheduler-Workers-0","class":"PersistBlockTask","message":"Imported #47 / 0 tx / 0 om / 0 (0.0%) gas / (0xe1d012536c0c9b1f3c67cbbd6a0a26cc1009433c8f4c7d2a0f96f61d089fef0d) in 0.004s. Peers: 5","throwable":""}
{"timestamp":"2025-05-22T14:08:32,026","container":"a403c2c2ec3d","level":"INFO","thread":"EthScheduler-Workers-0","class":"PersistBlockTask","message":"Imported #48 / 0 tx / 0 om / 0 (0.0%) gas / (0x376d12349a1b0f7e7cb9e2b93739efbdd4a2ef29ab8c950e16c96f2090bc03c3) in 0.002s. Peers: 5","throwable":""}
{"timestamp":"2025-05-22T14:08:40,028","container":"a403c2c2ec3d","level":"INFO","thread":"EthScheduler-Workers-0","class":"PersistBlockTask","message":"Imported #49 / 0 tx / 0 om / 0 (0.0%) gas / (0x1db32ab638b6533853998408587e5000c6782651d665c6491b2e66b09f7785f3) in 0.008s. Peers: 5","throwable":""}
{"timestamp":"2025-05-22T14:08:48,023","container":"a403c2c2ec3d","level":"INFO","thread":"EthScheduler-Workers-0","class":"PersistBlockTask","message":"Imported #50 / 0 tx / 0 om / 0 (0.0%) gas / (0x4f7f544f4e7d23b9855942de934b7ee5d2f20d557e5d5e79652702b4d3c898e1) in 0.002s. Peers: 5","throwable":""}
{"timestamp":"2025-05-22T14:08:56,040","container":"a403c2c2ec3d","level":"INFO","thread":"EthScheduler-Workers-0","class":"PersistBlockTask","message":"Imported #51 / 0 tx / 0 om / 0 (0.0%) gas / (0x14abaef0c7070011251cd973022f82d13595d104af3024833e265eb66f14bca1) in 0.006s. Peers: 5","throwable":""}
{"timestamp":"2025-05-22T14:09:04,021","container":"a403c2c2ec3d","level":"INFO","thread":"EthScheduler-Workers-0","class":"PersistBlockTask","message":"Imported #52 / 0 tx / 0 om / 0 (0.0%) gas / (0xb06a3505f7182972eeeca562b647d0b6958bb202f098755ac00aa36361eeec9d) in 0.002s. Peers: 5","throwable":""}
{"timestamp":"2025-05-22T14:09:12,039","container":"a403c2c2ec3d","level":"INFO","thread":"EthScheduler-Workers-0","class":"PersistBlockTask","message":"Imported #53 / 0 tx / 0 om / 0 (0.0%) gas / (0xe151b5f8039b00b211a8810602bdd2327d3c8132c52ec20e0ba079dafe175f5c) in 0.013s. Peers: 5","throwable":""}
{"timestamp":"2025-05-22T14:09:20,032","container":"a403c2c2ec3d","level":"INFO","thread":"EthScheduler-Workers-0","class":"PersistBlockTask","message":"Imported #54 / 0 tx / 0 om / 0 (0.0%) gas / (0x47f3eacf949452f45796d781a68af771bd171000935249ba567cb1f802c973e4) in 0.010s. Peers: 5","throwable":""}
{"timestamp":"2025-05-22T14:09:28,026","container":"a403c2c2ec3d","level":"INFO","thread":"EthScheduler-Workers-0","class":"PersistBlockTask","message":"Imported #55 / 0 tx / 0 om / 0 (0.0%) gas / (0xca0de53bf63526927e93f3d386630cd9ccde24883c1008fad519a58d7fea9973) in 0.004s. Peers: 5","throwable":""}
{"timestamp":"2025-05-22T14:09:36,046","container":"a403c2c2ec3d","level":"INFO","thread":"EthScheduler-Workers-0","class":"PersistBlockTask","message":"Imported #56 / 1 tx / 0 om / 2,000,000 (0.0%) gas / (0x74f835a172028cf8ea400b8e8d7a05a8396018d2202ca5ddd303dd1a7b18e73a) in 0.013s. Peers: 5","throwable":""}
{"timestamp":"2025-05-22T14:09:44,031","container":"a403c2c2ec3d","level":"INFO","thread":"EthScheduler-Workers-0","class":"PersistBlockTask","message":"Imported #57 / 1 tx / 0 om / 21,888 (0.0%) gas / (0xa6937224b25aad3a0e6ebe19a5ac5d17ee2237eb31ddd0d29a1c1ee258879634) in 0.006s. Peers: 5","throwable":""}
{"timestamp":"2025-05-22T14:09:52,021","container":"a403c2c2ec3d","level":"INFO","thread":"EthScheduler-Workers-0","class":"PersistBlockTask","message":"Imported #58 / 0 tx / 0 om / 0 (0.0%) gas / (0xf8600111a3c9bed3bb53f563263d381d2cb815b0e6eb36391604494386853459) in 0.002s. Peers: 5","throwable":""}
{"timestamp":"2025-05-22T14:09:57,546","container":"a403c2c2ec3d","level":"INFO","thread":"BftProcessorExecutor-QBFT-0","class":"BftProcessor","message":"Shutting down BFT event processor","throwable":""}
{"timestamp":"2025-05-22T14:09:57,548","container":"a403c2c2ec3d","level":"INFO","thread":"BesuCommand-Shutdown-Hook","class":"DefaultSynchronizer","message":"Stopping synchronizer","throwable":""}
{"timestamp":"2025-05-22T14:09:57,551","container":"a403c2c2ec3d","level":"INFO","thread":"BesuCommand-Shutdown-Hook","class":"NetworkRunner","message":"Stopping Network.","throwable":""}
{"timestamp":"2025-05-22T14:09:57,588","container":"a403c2c2ec3d","level":"INFO","thread":"BesuCommand-Shutdown-Hook","class":"EthProtocolManager","message":"Stopping eth Subprotocol.","throwable":""}
{"timestamp":"2025-05-22T14:09:57,593","container":"a403c2c2ec3d","level":"INFO","thread":"BesuCommand-Shutdown-Hook","class":"EthProtocolManager","message":"eth Subprotocol stopped.","throwable":""}
{"timestamp":"2025-05-22T14:09:57,593","container":"a403c2c2ec3d","level":"INFO","thread":"BesuCommand-Shutdown-Hook","class":"NetworkRunner","message":"Network stopped.","throwable":""}
{"timestamp":"2025-05-22T14:09:57,594","container":"a403c2c2ec3d","level":"INFO","thread":"BesuCommand-Shutdown-Hook","class":"AutoTransactionLogBloomCachingService","message":"Shutting down Auto transaction logs caching service.","throwable":""}
{"timestamp":"2025-05-22T14:09:57,600","container":"a403c2c2ec3d","level":"INFO","thread":"BesuCommand-Shutdown-Hook","class":"DockerNatManager","message":"Stopping docker NAT manager.","throwable":""}
