{"timestamp":"2025-05-28T18:31:32,021","container":"dc9ee38e6d47","level":"INFO","thread":"main","class":"Besu","message":"Starting Besu","throwable":""}
{"timestamp":"2025-05-28T18:31:33,918","container":"dc9ee38e6d47","level":"WARN","thread":"main","class":"Besu","message":"--min-gas-price has been ignored because --miner-enabled was not defined on the command line.","throwable":""}
{"timestamp":"2025-05-28T18:31:38,002","container":"dc9ee38e6d47","level":"INFO","thread":"main","class":"Besu","message":"
####################################################################################################
#                                                                                                  #
# Besu version 23.4.1                                                                              #
#                                                                                                  #
# Configuration:                                                                                   #
# Network: Custom genesis file specified                                                           #
# Network Id: 1337                                                                                 #
# Data storage: Forest                                                                             #
# Sync mode: Full                                                                                  #
# RPC HTTP APIs: EEA,WEB3,ETH,NET,TRACE,DEBUG,ADMIN,TXPOOL,PRIV,PERM,QBFT                          #
# RPC HTTP port: 8545                                                                              #
#                                                                                                  #
# Host:                                                                                            #
# Java: openjdk-java-17                                                                            #
# Maximum heap size: 1.92 GB                                                                       #
# OS: linux-x86_64                                                                                 #
# glibc: 2.35                                                                                      #
# jemalloc: 5.2.1-0-gea6b3e973b477b8061e0076bb257dbd7f3faa756                                      #
# Total memory: 7.68 GB                                                                            #
# CPU cores: 8                                                                                     #
#                                                                                                  #
####################################################################################################","throwable":""}
{"timestamp":"2025-05-28T18:31:38,004","container":"dc9ee38e6d47","level":"INFO","thread":"main","class":"Besu","message":"Connecting to 8 static nodes.","throwable":""}
{"timestamp":"2025-05-28T18:31:38,004","container":"dc9ee38e6d47","level":"INFO","thread":"main","class":"Besu","message":"Security Module: localfile","throwable":""}
{"timestamp":"2025-05-28T18:31:38,423","container":"dc9ee38e6d47","level":"INFO","thread":"main","class":"Besu","message":"Using the native implementation of alt bn128","throwable":""}
{"timestamp":"2025-05-28T18:31:38,676","container":"dc9ee38e6d47","level":"INFO","thread":"main","class":"Besu","message":"Using the native implementation of modexp","throwable":""}
{"timestamp":"2025-05-28T18:31:38,690","container":"dc9ee38e6d47","level":"INFO","thread":"main","class":"Besu","message":"Using the native implementation of the signature algorithm","throwable":""}
{"timestamp":"2025-05-28T18:31:38,710","container":"dc9ee38e6d47","level":"INFO","thread":"main","class":"Besu","message":"Using the native implementation of the blake2bf algorithm","throwable":""}
{"timestamp":"2025-05-28T18:31:38,859","container":"dc9ee38e6d47","level":"INFO","thread":"main","class":"RocksDBKeyValueStorageFactory","message":"No existing database detected at /opt/besu/data. Using version 1","throwable":""}
{"timestamp":"2025-05-28T18:31:43,452","container":"dc9ee38e6d47","level":"INFO","thread":"main","class":"KeyPairUtil","message":"Loaded public key 0x98496800174b3c73ae33cba59f8f5e686cd488f7897c2edb52e2cf46383d75cd03dbb58dde07185bc0953f98800ca9a89f4b5ef450c5e51292ea08ec6130ee0c from /opt/besu/keys/nodekey","throwable":""}
{"timestamp":"2025-05-28T18:31:43,514","container":"dc9ee38e6d47","level":"WARN","thread":"main","class":"Besu","message":"Privacy is disabled. Cannot use EEA/PRIV API methods when not using Privacy.","throwable":""}
{"timestamp":"2025-05-28T18:31:45,288","container":"dc9ee38e6d47","level":"INFO","thread":"main","class":"ProtocolScheduleBuilder","message":"Protocol schedule created with milestones: [GrayGlacier: 0]","throwable":""}
{"timestamp":"2025-05-28T18:31:46,544","container":"dc9ee38e6d47","level":"INFO","thread":"main","class":"TransactionPoolFactory","message":"Enabling transaction pool","throwable":""}
{"timestamp":"2025-05-28T18:31:46,650","container":"dc9ee38e6d47","level":"INFO","thread":"main","class":"BesuControllerBuilder","message":"TTD difficulty is not present, creating initial sync phase for PoW","throwable":""}
{"timestamp":"2025-05-28T18:31:47,206","container":"dc9ee38e6d47","level":"INFO","thread":"main","class":"RunnerBuilder","message":"Detecting NAT service.","throwable":""}
{"timestamp":"2025-05-28T18:31:50,909","container":"dc9ee38e6d47","level":"INFO","thread":"main","class":"Runner","message":"Starting external services ... ","throwable":""}
{"timestamp":"2025-05-28T18:31:50,914","container":"dc9ee38e6d47","level":"INFO","thread":"main","class":"MetricsHttpService","message":"Starting metrics http service on 0.0.0.0:9545","throwable":""}
{"timestamp":"2025-05-28T18:31:51,720","container":"dc9ee38e6d47","level":"INFO","thread":"vert.x-eventloop-thread-1","class":"MetricsHttpService","message":"Metrics service started and listening on 0.0.0.0:9545","throwable":""}
{"timestamp":"2025-05-28T18:31:51,729","container":"dc9ee38e6d47","level":"INFO","thread":"main","class":"JsonRpcHttpService","message":"Starting JSON-RPC service on 0.0.0.0:8545","throwable":""}
{"timestamp":"2025-05-28T18:31:51,798","container":"dc9ee38e6d47","level":"INFO","thread":"vert.x-eventloop-thread-1","class":"JsonRpcHttpService","message":"JSON-RPC service started and listening on 0.0.0.0:8545","throwable":""}
{"timestamp":"2025-05-28T18:31:51,821","container":"dc9ee38e6d47","level":"INFO","thread":"main","class":"GraphQLHttpService","message":"Starting GraphQL HTTP service on 0.0.0.0:8547","throwable":""}
{"timestamp":"2025-05-28T18:31:51,838","container":"dc9ee38e6d47","level":"INFO","thread":"vert.x-eventloop-thread-1","class":"GraphQLHttpService","message":"GraphQL HTTP service started and listening on 0.0.0.0:8547","throwable":""}
{"timestamp":"2025-05-28T18:31:51,846","container":"dc9ee38e6d47","level":"INFO","thread":"main","class":"WebSocketService","message":"Starting Websocket service on 0.0.0.0:8546","throwable":""}
{"timestamp":"2025-05-28T18:31:51,857","container":"dc9ee38e6d47","level":"INFO","thread":"vert.x-eventloop-thread-1","class":"WebSocketService","message":"Websocket service started and listening on 0.0.0.0:8546","throwable":""}
{"timestamp":"2025-05-28T18:31:51,885","container":"dc9ee38e6d47","level":"INFO","thread":"main","class":"AutoTransactionLogBloomCachingService","message":"Starting auto transaction log bloom caching service.","throwable":""}
{"timestamp":"2025-05-28T18:31:51,888","container":"dc9ee38e6d47","level":"INFO","thread":"main","class":"LogBloomCacheMetadata","message":"Lookup cache metadata file in data directory: /opt/besu/data/caches","throwable":""}
{"timestamp":"2025-05-28T18:31:51,962","container":"dc9ee38e6d47","level":"INFO","thread":"main","class":"Runner","message":"Starting Ethereum main loop ... ","throwable":""}
{"timestamp":"2025-05-28T18:31:51,964","container":"dc9ee38e6d47","level":"INFO","thread":"main","class":"DockerNatManager","message":"Starting docker NAT manager.","throwable":""}
{"timestamp":"2025-05-28T18:32:02,000","container":"dc9ee38e6d47","level":"INFO","thread":"main","class":"NetworkRunner","message":"Starting Network.","throwable":""}
{"timestamp":"2025-05-28T18:32:02,045","container":"dc9ee38e6d47","level":"INFO","thread":"nioEventLoopGroup-2-1","class":"RlpxAgent","message":"P2P RLPx agent started and listening on /[0:0:0:0:0:0:0:0]:30303.","throwable":""}
{"timestamp":"2025-05-28T18:32:02,050","container":"dc9ee38e6d47","level":"INFO","thread":"main","class":"PeerDiscoveryAgent","message":"Starting peer discovery agent on host=0.0.0.0, port=30303","throwable":""}
{"timestamp":"2025-05-28T18:32:02,088","container":"dc9ee38e6d47","level":"INFO","thread":"vert.x-eventloop-thread-1","class":"VertxPeerDiscoveryAgent","message":"Started peer discovery agent successfully, on effective host=0:0:0:0:0:0:0:0%0 and port=30303","throwable":""}
{"timestamp":"2025-05-28T18:32:02,089","container":"dc9ee38e6d47","level":"INFO","thread":"vert.x-eventloop-thread-1","class":"PeerDiscoveryAgent","message":"P2P peer discovery agent started and listening on /[0:0:0:0:0:0:0:0%0]:30303","throwable":""}
{"timestamp":"2025-05-28T18:32:02,151","container":"dc9ee38e6d47","level":"INFO","thread":"vert.x-eventloop-thread-1","class":"PeerDiscoveryAgent","message":"Writing node record to disk. NodeRecord{seq=1, publicKey=0x0298496800174b3c73ae33cba59f8f5e686cd488f7897c2edb52e2cf46383d75cd, udpAddress=Optional[/172.16.239.16:30303], tcpAddress=Optional[/172.16.239.16:30303], asBase64=-Je4QHF7OpFV_mDtqRTJ5D-1pW1Xx-4R1QWB8P6fVBabRl9RAuPE7TbPDBfvXziLQbDA0-uqrP3Psdj50o1zVWqkdlYBg2V0aMfGhGpSrW2AgmlkgnY0gmlwhKwQ7xCJc2VjcDI1NmsxoQKYSWgAF0s8c64zy6Wfj15obNSI94l8LttS4s9GOD11zYN0Y3CCdl-DdWRwgnZf, nodeId=0xa1f75939c4a4d5c1c5241a1913a52aab892e1322e8b52506276363d4754c122e, customFields={tcp=30303, udp=30303, ip=0xac10ef10, eth=[[0x6a52ad6d, 0x]], id=V4, secp256k1=0x0298496800174b3c73ae33cba59f8f5e686cd488f7897c2edb52e2cf46383d75cd}}","throwable":""}
{"timestamp":"2025-05-28T18:32:02,217","container":"dc9ee38e6d47","level":"INFO","thread":"main","class":"DefaultP2PNetwork","message":"Enode URL enode://98496800174b3c73ae33cba59f8f5e686cd488f7897c2edb52e2cf46383d75cd03dbb58dde07185bc0953f98800ca9a89f4b5ef450c5e51292ea08ec6130ee0c@172.16.239.16:30303","throwable":""}
{"timestamp":"2025-05-28T18:32:02,218","container":"dc9ee38e6d47","level":"INFO","thread":"main","class":"DefaultP2PNetwork","message":"Node address 0x13a52aab892e1322e8b52506276363d4754c122e","throwable":""}
{"timestamp":"2025-05-28T18:32:02,332","container":"dc9ee38e6d47","level":"INFO","thread":"main","class":"NetworkRunner","message":"Supported capabilities: [eth/62, eth/63, eth/64, eth/65, eth/66, eth/67, eth/68], [istanbul/100], [snap/1]","throwable":""}
{"timestamp":"2025-05-28T18:32:02,333","container":"dc9ee38e6d47","level":"INFO","thread":"main","class":"DefaultSynchronizer","message":"Starting synchronizer.","throwable":""}
{"timestamp":"2025-05-28T18:32:02,355","container":"dc9ee38e6d47","level":"INFO","thread":"main","class":"TransactionPoolFactory","message":"Enabling transaction handling following initial sync","throwable":""}
{"timestamp":"2025-05-28T18:32:02,362","container":"dc9ee38e6d47","level":"INFO","thread":"main","class":"FullSyncDownloader","message":"Starting full sync.","throwable":""}
{"timestamp":"2025-05-28T18:32:02,363","container":"dc9ee38e6d47","level":"INFO","thread":"main","class":"FullSyncTargetManager","message":"Unable to find sync target. Currently checking 0 peers for usefulness","throwable":""}
{"timestamp":"2025-05-28T18:32:02,567","container":"dc9ee38e6d47","level":"INFO","thread":"main","class":"Runner","message":"Ethereum main loop is up.","throwable":""}
{"timestamp":"2025-05-28T18:32:04,626","container":"dc9ee38e6d47","level":"INFO","thread":"nioEventLoopGroup-3-4","class":"FullSyncTargetManager","message":"Unable to find sync target. Currently checking 2 peers for usefulness","throwable":""}
{"timestamp":"2025-05-28T18:32:05,257","container":"dc9ee38e6d47","level":"INFO","thread":"nioEventLoopGroup-3-3","class":"FullSyncTargetManager","message":"Unable to find sync target. Currently checking 3 peers for usefulness","throwable":""}
{"timestamp":"2025-05-28T18:32:05,390","container":"dc9ee38e6d47","level":"INFO","thread":"nioEventLoopGroup-3-2","class":"FullSyncTargetManager","message":"Unable to find sync target. Currently checking 4 peers for usefulness","throwable":""}
{"timestamp":"2025-05-28T18:32:05,480","container":"dc9ee38e6d47","level":"INFO","thread":"nioEventLoopGroup-3-7","class":"FullSyncTargetManager","message":"Unable to find sync target. Currently checking 5 peers for usefulness","throwable":""}
{"timestamp":"2025-05-28T18:32:10,487","container":"dc9ee38e6d47","level":"INFO","thread":"EthScheduler-Timer-0","class":"FullSyncTargetManager","message":"Unable to find sync target. Currently checking 5 peers for usefulness","throwable":""}
{"timestamp":"2025-05-28T18:32:14,821","container":"dc9ee38e6d47","level":"INFO","thread":"EthScheduler-Workers-0","class":"PersistBlockTask","message":"Imported #1 / 0 tx / 0 om / 0 (0.0%) gas / (0x053d18f0578204c3ad0a518491a0cc9d17287a9d3d54102bc3e61f85aa7de358) in 0.061s. Peers: 5","throwable":""}
{"timestamp":"2025-05-28T18:32:15,491","container":"dc9ee38e6d47","level":"INFO","thread":"EthScheduler-Timer-0","class":"FullSyncTargetManager","message":"Unable to find sync target. Currently checking 5 peers for usefulness","throwable":""}
{"timestamp":"2025-05-28T18:32:20,493","container":"dc9ee38e6d47","level":"INFO","thread":"EthScheduler-Timer-0","class":"FullSyncTargetManager","message":"Unable to find sync target. Currently checking 5 peers for usefulness","throwable":""}
{"timestamp":"2025-05-28T18:32:22,117","container":"dc9ee38e6d47","level":"INFO","thread":"EthScheduler-Workers-0","class":"PersistBlockTask","message":"Imported #2 / 0 tx / 0 om / 0 (0.0%) gas / (0x81b9b03e9f6dd27bc80ac191aaa4c7dd43948757ffeaa677335f73256d182c23) in 0.006s. Peers: 5","throwable":""}
{"timestamp":"2025-05-28T18:32:30,136","container":"dc9ee38e6d47","level":"INFO","thread":"EthScheduler-Workers-0","class":"PersistBlockTask","message":"Imported #3 / 0 tx / 0 om / 0 (0.0%) gas / (0xb22544d009378f271d98395c94247de4fd9212425a082173be2af93d3e7c4f12) in 0.004s. Peers: 5","throwable":""}
{"timestamp":"2025-05-28T18:32:38,096","container":"dc9ee38e6d47","level":"INFO","thread":"EthScheduler-Workers-0","class":"PersistBlockTask","message":"Imported #4 / 0 tx / 0 om / 0 (0.0%) gas / (0x33ab69b3d79987a759bf975d1e2581eef6fa547d86545e1189cc73e1f611aeea) in 0.011s. Peers: 5","throwable":""}
{"timestamp":"2025-05-28T18:32:46,091","container":"dc9ee38e6d47","level":"INFO","thread":"EthScheduler-Workers-0","class":"PersistBlockTask","message":"Imported #5 / 0 tx / 0 om / 0 (0.0%) gas / (0xbff4a74fc4cb3833a376564f63069d81602da488a0731f5dd7492fdec6932b0f) in 0.004s. Peers: 5","throwable":""}
{"timestamp":"2025-05-28T18:32:54,125","container":"dc9ee38e6d47","level":"INFO","thread":"EthScheduler-Workers-0","class":"PersistBlockTask","message":"Imported #6 / 0 tx / 0 om / 0 (0.0%) gas / (0xfa119202b5f2b3ab0ea553651c054e49462ccfa0fa1f390ff2f53235a81e2275) in 0.005s. Peers: 5","throwable":""}
{"timestamp":"2025-05-28T18:33:02,065","container":"dc9ee38e6d47","level":"INFO","thread":"EthScheduler-Workers-0","class":"PersistBlockTask","message":"Imported #7 / 0 tx / 0 om / 0 (0.0%) gas / (0x7c693978482e0803da88f71978d5090427edaebffd409290bb0e455deff12485) in 0.013s. Peers: 5","throwable":""}
{"timestamp":"2025-05-28T18:33:10,075","container":"dc9ee38e6d47","level":"INFO","thread":"EthScheduler-Workers-0","class":"PersistBlockTask","message":"Imported #8 / 0 tx / 0 om / 0 (0.0%) gas / (0x7026f3d2a367e9313e0e68b722fe1bca06e2f2118979e48e6ef82c5b84038630) in 0.009s. Peers: 5","throwable":""}
{"timestamp":"2025-05-28T18:33:18,100","container":"dc9ee38e6d47","level":"INFO","thread":"EthScheduler-Workers-0","class":"PersistBlockTask","message":"Imported #9 / 0 tx / 0 om / 0 (0.0%) gas / (0x855b5ac011b547858d26b63fd3e4adf5c82e8de6c9fa8f6c2db283136f785642) in 0.025s. Peers: 5","throwable":""}
{"timestamp":"2025-05-28T18:33:26,057","container":"dc9ee38e6d47","level":"INFO","thread":"EthScheduler-Workers-0","class":"PersistBlockTask","message":"Imported #10 / 0 tx / 0 om / 0 (0.0%) gas / (0x59258bd36ed6836b7967eb04dcf31224251db694f41ac84abe26b00c3fbf9a3e) in 0.005s. Peers: 5","throwable":""}
{"timestamp":"2025-05-28T18:33:34,086","container":"dc9ee38e6d47","level":"INFO","thread":"EthScheduler-Workers-0","class":"PersistBlockTask","message":"Imported #11 / 0 tx / 0 om / 0 (0.0%) gas / (0x69a59138e0733bc31c5318b2097b73bebacb1a946e8624445a36aee51643d687) in 0.014s. Peers: 5","throwable":""}
{"timestamp":"2025-05-28T18:33:42,075","container":"dc9ee38e6d47","level":"INFO","thread":"EthScheduler-Workers-0","class":"PersistBlockTask","message":"Imported #12 / 0 tx / 0 om / 0 (0.0%) gas / (0x916136d1a60f82646dbc3fa7d2c96f2f778b61907ad30baf196097854759326a) in 0.019s. Peers: 5","throwable":""}
{"timestamp":"2025-05-28T18:33:50,068","container":"dc9ee38e6d47","level":"INFO","thread":"EthScheduler-Workers-0","class":"PersistBlockTask","message":"Imported #13 / 0 tx / 0 om / 0 (0.0%) gas / (0x00bb5a880ca030efb57f0e458ce6bca452d890706a5f26147546526925e35ec4) in 0.005s. Peers: 5","throwable":""}
{"timestamp":"2025-05-28T18:33:58,078","container":"dc9ee38e6d47","level":"INFO","thread":"EthScheduler-Workers-0","class":"PersistBlockTask","message":"Imported #14 / 0 tx / 0 om / 0 (0.0%) gas / (0x7dba1d17f483f1f2213d9a02aeced3d2df8e940008487341f6c2b1e1cd1972e7) in 0.004s. Peers: 5","throwable":""}
{"timestamp":"2025-05-28T18:34:06,050","container":"dc9ee38e6d47","level":"INFO","thread":"EthScheduler-Workers-0","class":"PersistBlockTask","message":"Imported #15 / 0 tx / 0 om / 0 (0.0%) gas / (0xfba8f6e6334d1c2509c3e930ea1e35c5a75a13e80117ac8fddaeda9a213b4ed4) in 0.005s. Peers: 5","throwable":""}
{"timestamp":"2025-05-28T18:34:14,055","container":"dc9ee38e6d47","level":"INFO","thread":"EthScheduler-Workers-0","class":"PersistBlockTask","message":"Imported #16 / 0 tx / 0 om / 0 (0.0%) gas / (0x511628803aff17fe2539a81c4ecc16ebe6c00554f4bb2c1f1c998229a0ee04ce) in 0.003s. Peers: 5","throwable":""}
{"timestamp":"2025-05-28T18:34:22,045","container":"dc9ee38e6d47","level":"INFO","thread":"EthScheduler-Workers-0","class":"PersistBlockTask","message":"Imported #17 / 0 tx / 0 om / 0 (0.0%) gas / (0xe33892bc3757304c64ed7e9fa6e8dfc2fd2a6e54594d5054cab92068ffcac60e) in 0.009s. Peers: 5","throwable":""}
{"timestamp":"2025-05-28T18:34:30,129","container":"dc9ee38e6d47","level":"INFO","thread":"EthScheduler-Workers-0","class":"PersistBlockTask","message":"Imported #18 / 0 tx / 0 om / 0 (0.0%) gas / (0xbf71d0c816fea2cffb7a13bdb04d1578dd56c1106190e5162e2a8242660f0d2a) in 0.008s. Peers: 5","throwable":""}
{"timestamp":"2025-05-28T18:34:38,061","container":"dc9ee38e6d47","level":"INFO","thread":"EthScheduler-Workers-0","class":"PersistBlockTask","message":"Imported #19 / 0 tx / 0 om / 0 (0.0%) gas / (0xb26ac8691ab458995b59aeaa8923457c637547d20ffa5f5ee3c4802adbc26e33) in 0.007s. Peers: 5","throwable":""}
{"timestamp":"2025-05-28T18:34:46,044","container":"dc9ee38e6d47","level":"INFO","thread":"EthScheduler-Workers-0","class":"PersistBlockTask","message":"Imported #20 / 0 tx / 0 om / 0 (0.0%) gas / (0xea14aa3019a36324056a6ec5b6f022756fc1414831cf2b12fc860853e396d7ee) in 0.006s. Peers: 5","throwable":""}
{"timestamp":"2025-05-28T18:34:54,105","container":"dc9ee38e6d47","level":"INFO","thread":"EthScheduler-Workers-0","class":"PersistBlockTask","message":"Imported #21 / 0 tx / 0 om / 0 (0.0%) gas / (0x4c9b6b078e8b8aa6d8cc4e85e2124c3179e42fca1c4c171cd0a1d9a6c1105e7e) in 0.017s. Peers: 5","throwable":""}
{"timestamp":"2025-05-28T18:35:02,053","container":"dc9ee38e6d47","level":"INFO","thread":"EthScheduler-Workers-0","class":"PersistBlockTask","message":"Imported #22 / 0 tx / 0 om / 0 (0.0%) gas / (0x97d8fe99596049eabdddbf70cc56cf38f01724f4b53520eea0c34c4c8e414313) in 0.005s. Peers: 5","throwable":""}
{"timestamp":"2025-05-28T18:35:10,044","container":"dc9ee38e6d47","level":"INFO","thread":"EthScheduler-Workers-0","class":"PersistBlockTask","message":"Imported #23 / 0 tx / 0 om / 0 (0.0%) gas / (0xd65048f6fad847b58d84a606037d3d86b2201e140f2390b6928389d15b8d427b) in 0.006s. Peers: 5","throwable":""}
{"timestamp":"2025-05-28T18:35:18,038","container":"dc9ee38e6d47","level":"INFO","thread":"EthScheduler-Workers-0","class":"PersistBlockTask","message":"Imported #24 / 0 tx / 0 om / 0 (0.0%) gas / (0x3c88ecc62c4ac9e30eb9c04919a9adc4c83b650ff349a7f388a7695796b4a1a9) in 0.003s. Peers: 5","throwable":""}
{"timestamp":"2025-05-28T18:35:26,062","container":"dc9ee38e6d47","level":"INFO","thread":"EthScheduler-Workers-0","class":"PersistBlockTask","message":"Imported #25 / 0 tx / 0 om / 0 (0.0%) gas / (0xfa74f3efb55dd0b49dc6b652dc90b6223bbd4632ba65938e05228f764b820c17) in 0.003s. Peers: 5","throwable":""}
{"timestamp":"2025-05-28T18:35:34,036","container":"dc9ee38e6d47","level":"INFO","thread":"EthScheduler-Workers-0","class":"PersistBlockTask","message":"Imported #26 / 0 tx / 0 om / 0 (0.0%) gas / (0x4bd1a9e7deda6ebc8fa3042ee52b637e4d0ad6117715dac36002856a26f91a65) in 0.003s. Peers: 5","throwable":""}
{"timestamp":"2025-05-28T18:35:42,036","container":"dc9ee38e6d47","level":"INFO","thread":"EthScheduler-Workers-0","class":"PersistBlockTask","message":"Imported #27 / 0 tx / 0 om / 0 (0.0%) gas / (0x18e660d0af6e76a27a8a313f72dc6da6b18488ebf0c23e3837d46250c4b07f41) in 0.002s. Peers: 5","throwable":""}
{"timestamp":"2025-05-28T18:35:50,041","container":"dc9ee38e6d47","level":"INFO","thread":"EthScheduler-Workers-0","class":"PersistBlockTask","message":"Imported #28 / 0 tx / 0 om / 0 (0.0%) gas / (0x612b1b89d796d05223194c61a8adc03d36bf1530b1ec34448e4b96973bc51363) in 0.005s. Peers: 5","throwable":""}
{"timestamp":"2025-05-28T18:35:58,068","container":"dc9ee38e6d47","level":"INFO","thread":"EthScheduler-Workers-0","class":"PersistBlockTask","message":"Imported #29 / 0 tx / 0 om / 0 (0.0%) gas / (0x4f3ee2a2db8a6f4eea9e76333ee960b5d5544d4fd4bec6bad776c063467b0846) in 0.013s. Peers: 5","throwable":""}
{"timestamp":"2025-05-28T18:36:06,071","container":"dc9ee38e6d47","level":"INFO","thread":"EthScheduler-Workers-0","class":"PersistBlockTask","message":"Imported #30 / 0 tx / 0 om / 0 (0.0%) gas / (0x1623bd53298559f3ccf6a93aa1fcfdc2573c3d31fe57ba717a50c70ebd45caf8) in 0.006s. Peers: 5","throwable":""}
{"timestamp":"2025-05-28T18:36:14,039","container":"dc9ee38e6d47","level":"INFO","thread":"EthScheduler-Workers-0","class":"PersistBlockTask","message":"Imported #31 / 0 tx / 0 om / 0 (0.0%) gas / (0x9943f716f5ef944b4b972c9b580b5b133e9ed7c2214865880ffa65bd2882485d) in 0.006s. Peers: 5","throwable":""}
{"timestamp":"2025-05-28T18:36:22,056","container":"dc9ee38e6d47","level":"INFO","thread":"EthScheduler-Workers-0","class":"PersistBlockTask","message":"Imported #32 / 0 tx / 0 om / 0 (0.0%) gas / (0xdd81ac5494e60e5748864c1b175a8843e080a69abe5fa3789f9e55c68529f960) in 0.004s. Peers: 5","throwable":""}
{"timestamp":"2025-05-28T18:36:30,051","container":"dc9ee38e6d47","level":"INFO","thread":"EthScheduler-Workers-0","class":"PersistBlockTask","message":"Imported #33 / 0 tx / 0 om / 0 (0.0%) gas / (0x5633e68f78d76557ab1605cb8abe9abda254c723c2dbdc29586ddff3db7c09a1) in 0.003s. Peers: 5","throwable":""}
{"timestamp":"2025-05-28T18:36:38,044","container":"dc9ee38e6d47","level":"INFO","thread":"EthScheduler-Workers-0","class":"PersistBlockTask","message":"Imported #34 / 0 tx / 0 om / 0 (0.0%) gas / (0xdd67e806e9380ecabebe8ad23bfe5d6c807fbc5c3e9dc34318376608aef14bc0) in 0.004s. Peers: 5","throwable":""}
{"timestamp":"2025-05-28T18:36:46,058","container":"dc9ee38e6d47","level":"INFO","thread":"EthScheduler-Workers-0","class":"PersistBlockTask","message":"Imported #35 / 0 tx / 0 om / 0 (0.0%) gas / (0x8a19f98315da3ffb72f9547e84c8cdd5e05c8ab78a7a63de21c7364fcae7e806) in 0.002s. Peers: 5","throwable":""}
{"timestamp":"2025-05-28T18:36:54,056","container":"dc9ee38e6d47","level":"INFO","thread":"EthScheduler-Workers-0","class":"PersistBlockTask","message":"Imported #36 / 0 tx / 0 om / 0 (0.0%) gas / (0x43722e90adbf7513008fc00394028fb8e23d02c08bd654464164475f1f523d54) in 0.002s. Peers: 5","throwable":""}
{"timestamp":"2025-05-28T18:37:02,037","container":"dc9ee38e6d47","level":"INFO","thread":"EthScheduler-Workers-0","class":"PersistBlockTask","message":"Imported #37 / 0 tx / 0 om / 0 (0.0%) gas / (0x3f7ccdc6e8789fe3c7c2617312fa6f79b7fa6fbce1da8d2250ff75553aaba9b2) in 0.002s. Peers: 5","throwable":""}
{"timestamp":"2025-05-28T18:37:10,029","container":"dc9ee38e6d47","level":"INFO","thread":"EthScheduler-Workers-0","class":"PersistBlockTask","message":"Imported #38 / 0 tx / 0 om / 0 (0.0%) gas / (0x7c02e62bb7575f27b9f361711d41eaa34947f182ab6dea3ae7ae2fdb99060562) in 0.002s. Peers: 5","throwable":""}
{"timestamp":"2025-05-28T18:37:18,053","container":"dc9ee38e6d47","level":"INFO","thread":"EthScheduler-Workers-0","class":"PersistBlockTask","message":"Imported #39 / 0 tx / 0 om / 0 (0.0%) gas / (0xdae0aa5d89586c26e5a7a19c37021fe25f916ce867e036b7b7673dedaddd66f3) in 0.003s. Peers: 5","throwable":""}
{"timestamp":"2025-05-28T18:37:26,059","container":"dc9ee38e6d47","level":"INFO","thread":"EthScheduler-Workers-0","class":"PersistBlockTask","message":"Imported #40 / 0 tx / 0 om / 0 (0.0%) gas / (0x16bc13265dc28692d05a29c0210823f107d9a2b8b5f7c81afdfba60585e8961d) in 0.004s. Peers: 5","throwable":""}
{"timestamp":"2025-05-28T18:37:34,055","container":"dc9ee38e6d47","level":"INFO","thread":"EthScheduler-Workers-0","class":"PersistBlockTask","message":"Imported #41 / 0 tx / 0 om / 0 (0.0%) gas / (0x301566b59e508501630de4e66243420dbda5d5e8e6c705242ee40a1e18ec99c0) in 0.012s. Peers: 5","throwable":""}
{"timestamp":"2025-05-28T18:37:42,053","container":"dc9ee38e6d47","level":"INFO","thread":"EthScheduler-Workers-0","class":"PersistBlockTask","message":"Imported #42 / 0 tx / 0 om / 0 (0.0%) gas / (0x90e51c9aab72327d042a6e3f2a3719204f36cb028228d50ce4efd49972772019) in 0.002s. Peers: 5","throwable":""}
{"timestamp":"2025-05-28T18:37:50,112","container":"dc9ee38e6d47","level":"INFO","thread":"EthScheduler-Workers-0","class":"PersistBlockTask","message":"Imported #43 / 0 tx / 0 om / 0 (0.0%) gas / (0x5411db09eb758bd8df1599a8415c9fa15713ffdf0653958289a1d41a34cfa52d) in 0.015s. Peers: 5","throwable":""}
{"timestamp":"2025-05-28T18:37:58,034","container":"dc9ee38e6d47","level":"INFO","thread":"EthScheduler-Workers-0","class":"PersistBlockTask","message":"Imported #44 / 0 tx / 0 om / 0 (0.0%) gas / (0x1ea7b504c91c942f57c894ba7e24d1f261d68a48c0769a02857902482021c9d4) in 0.010s. Peers: 5","throwable":""}
{"timestamp":"2025-05-28T18:38:06,059","container":"dc9ee38e6d47","level":"INFO","thread":"EthScheduler-Workers-0","class":"PersistBlockTask","message":"Imported #45 / 0 tx / 0 om / 0 (0.0%) gas / (0x0f23e56cbcfa536c92784c8853739395b26a784672d4d955d84a2862561046e7) in 0.002s. Peers: 5","throwable":""}
{"timestamp":"2025-05-28T18:38:14,040","container":"dc9ee38e6d47","level":"INFO","thread":"EthScheduler-Workers-0","class":"PersistBlockTask","message":"Imported #46 / 0 tx / 0 om / 0 (0.0%) gas / (0x39a23f9dcfc6be0d6b66c485c058d4dfc3ac028cb359b116adeba2d9d748400d) in 0.009s. Peers: 5","throwable":""}
{"timestamp":"2025-05-28T18:38:22,054","container":"dc9ee38e6d47","level":"INFO","thread":"EthScheduler-Workers-0","class":"PersistBlockTask","message":"Imported #47 / 0 tx / 0 om / 0 (0.0%) gas / (0x6181f5f1814f550e67893ee2c4e56b2d5bc5ee4a2660fe71c7eb9c73090fde42) in 0.007s. Peers: 5","throwable":""}
{"timestamp":"2025-05-28T18:38:30,099","container":"dc9ee38e6d47","level":"INFO","thread":"EthScheduler-Workers-0","class":"PersistBlockTask","message":"Imported #48 / 0 tx / 0 om / 0 (0.0%) gas / (0xf4c535875bfe46eae45ee7125cf5c98974875152529e7ad9fad9c5d3f2db756a) in 0.006s. Peers: 5","throwable":""}
{"timestamp":"2025-05-28T18:38:38,031","container":"dc9ee38e6d47","level":"INFO","thread":"EthScheduler-Workers-0","class":"PersistBlockTask","message":"Imported #49 / 0 tx / 0 om / 0 (0.0%) gas / (0x5733d991297739a776b5a95bfe98ad8250d30f4988357532be33368e2ca53d4c) in 0.003s. Peers: 5","throwable":""}
{"timestamp":"2025-05-28T18:38:46,032","container":"dc9ee38e6d47","level":"INFO","thread":"EthScheduler-Workers-0","class":"PersistBlockTask","message":"Imported #50 / 0 tx / 0 om / 0 (0.0%) gas / (0x6d3cd03b74c87b9079142ed16b3ee7c99df2261ef54fba507e7d3c6c916d3301) in 0.003s. Peers: 5","throwable":""}
{"timestamp":"2025-05-28T18:38:54,027","container":"dc9ee38e6d47","level":"INFO","thread":"EthScheduler-Workers-0","class":"PersistBlockTask","message":"Imported #51 / 0 tx / 0 om / 0 (0.0%) gas / (0x629af50774367cf1dd110b17e98027e18746a29db8e2b5edf771679c3072b7ae) in 0.005s. Peers: 5","throwable":""}
{"timestamp":"2025-05-28T18:39:02,072","container":"dc9ee38e6d47","level":"INFO","thread":"EthScheduler-Workers-0","class":"PersistBlockTask","message":"Imported #52 / 0 tx / 0 om / 0 (0.0%) gas / (0xe5ff2673573b75a9932c4709ac82860bb91a9f6fb3c166426ab5b9ea75271a1f) in 0.013s. Peers: 5","throwable":""}
{"timestamp":"2025-05-28T18:39:10,057","container":"dc9ee38e6d47","level":"INFO","thread":"EthScheduler-Workers-0","class":"PersistBlockTask","message":"Imported #53 / 0 tx / 0 om / 0 (0.0%) gas / (0xfc30953923f525e7d689a3f9f50bb4c5bd5ef58625d2709ffa15a127472fc3ce) in 0.005s. Peers: 5","throwable":""}
{"timestamp":"2025-05-28T18:39:18,029","container":"dc9ee38e6d47","level":"INFO","thread":"EthScheduler-Workers-0","class":"PersistBlockTask","message":"Imported #54 / 0 tx / 0 om / 0 (0.0%) gas / (0xf36ebb89ce0b03d24c6876ac96dbdd6fb335a67d9d03ee7fff66ffaa9a4d7962) in 0.004s. Peers: 5","throwable":""}
{"timestamp":"2025-05-28T18:39:26,032","container":"dc9ee38e6d47","level":"INFO","thread":"EthScheduler-Workers-0","class":"PersistBlockTask","message":"Imported #55 / 0 tx / 0 om / 0 (0.0%) gas / (0x83db6f161d7bdb7f090399746ee0518ed7a5e026b9c5335404269c50edce6b8b) in 0.003s. Peers: 5","throwable":""}
{"timestamp":"2025-05-28T18:39:34,067","container":"dc9ee38e6d47","level":"INFO","thread":"EthScheduler-Workers-0","class":"PersistBlockTask","message":"Imported #56 / 0 tx / 0 om / 0 (0.0%) gas / (0x175e178e2142b15bd1e57e79921df2e5599c04fa4ab6dd48348f236b3812b67c) in 0.005s. Peers: 5","throwable":""}
{"timestamp":"2025-05-28T18:39:42,049","container":"dc9ee38e6d47","level":"INFO","thread":"EthScheduler-Workers-0","class":"PersistBlockTask","message":"Imported #57 / 0 tx / 0 om / 0 (0.0%) gas / (0x2651223a5ac56965a9e60a51a18df5bb4608a6ffb7c99a5f0803793fba003bba) in 0.003s. Peers: 5","throwable":""}
{"timestamp":"2025-05-28T18:39:50,028","container":"dc9ee38e6d47","level":"INFO","thread":"EthScheduler-Workers-0","class":"PersistBlockTask","message":"Imported #58 / 0 tx / 0 om / 0 (0.0%) gas / (0x96d81c21685f104711d3885e96e226d83f1725939a0a6bd0183458a02239fb7e) in 0.003s. Peers: 5","throwable":""}
{"timestamp":"2025-05-28T18:39:58,073","container":"dc9ee38e6d47","level":"INFO","thread":"EthScheduler-Workers-0","class":"PersistBlockTask","message":"Imported #59 / 0 tx / 0 om / 0 (0.0%) gas / (0xbdf5f2478849bb9a66301d906796dfcf83730d43dabf896ac86db3814d35e0ce) in 0.008s. Peers: 5","throwable":""}
{"timestamp":"2025-05-28T18:40:06,029","container":"dc9ee38e6d47","level":"INFO","thread":"EthScheduler-Workers-0","class":"PersistBlockTask","message":"Imported #60 / 0 tx / 0 om / 0 (0.0%) gas / (0x3d9aea9191d7b7b831968f9e9e36e877711f0612067645f0a2c4bce0b18e1d8e) in 0.003s. Peers: 5","throwable":""}
{"timestamp":"2025-05-28T18:40:14,034","container":"dc9ee38e6d47","level":"INFO","thread":"EthScheduler-Workers-0","class":"PersistBlockTask","message":"Imported #61 / 0 tx / 0 om / 0 (0.0%) gas / (0x902bcbe4fc06bc7a11d951b431e964122d940da115ce5453199d0dc0d63441b0) in 0.002s. Peers: 5","throwable":""}
{"timestamp":"2025-05-28T18:40:22,062","container":"dc9ee38e6d47","level":"INFO","thread":"EthScheduler-Workers-0","class":"PersistBlockTask","message":"Imported #62 / 0 tx / 0 om / 0 (0.0%) gas / (0x5adab36ac2e213302492c795283950188dbb8a1c0c7e544195c9c831bbca2a63) in 0.004s. Peers: 5","throwable":""}
{"timestamp":"2025-05-28T18:40:30,452","container":"dc9ee38e6d47","level":"INFO","thread":"EthScheduler-Workers-0","class":"PersistBlockTask","message":"Imported #63 / 1 tx / 0 om / 3,300,129 (0.0%) gas / (0x0f6361776af78cc3f8f80e408c8ce0af6a2b763cee0c718a3bf371bd3b8615df) in 0.194s. Peers: 5","throwable":""}
{"timestamp":"2025-05-28T18:40:38,064","container":"dc9ee38e6d47","level":"INFO","thread":"EthScheduler-Workers-0","class":"PersistBlockTask","message":"Imported #64 / 0 tx / 0 om / 0 (0.0%) gas / (0x13ed4cc0c4c73926ac6d018c18444ee8e9be5e51af11201f7e08c35338f8b181) in 0.013s. Peers: 5","throwable":""}
{"timestamp":"2025-05-28T18:40:46,062","container":"dc9ee38e6d47","level":"INFO","thread":"EthScheduler-Workers-0","class":"PersistBlockTask","message":"Imported #65 / 0 tx / 0 om / 0 (0.0%) gas / (0xffcc3592a1eaf46f7a11bfd91f03dfed408fd76c9b34174568f2c5524270a662) in 0.006s. Peers: 5","throwable":""}
{"timestamp":"2025-05-28T18:40:54,089","container":"dc9ee38e6d47","level":"INFO","thread":"EthScheduler-Workers-0","class":"PersistBlockTask","message":"Imported #66 / 0 tx / 0 om / 0 (0.0%) gas / (0xaa0d8e8252cad808abb89edb0dda3452250c0617bcb07ff177860b04406aaf80) in 0.006s. Peers: 5","throwable":""}
{"timestamp":"2025-05-28T18:41:02,110","container":"dc9ee38e6d47","level":"INFO","thread":"EthScheduler-Workers-0","class":"PersistBlockTask","message":"Imported #67 / 0 tx / 0 om / 0 (0.0%) gas / (0x16a890716560aefdeb83dddd6619327cc8be003469414a69ec30b6f50db1c62d) in 0.003s. Peers: 5","throwable":""}
{"timestamp":"2025-05-28T18:41:10,090","container":"dc9ee38e6d47","level":"INFO","thread":"EthScheduler-Workers-0","class":"PersistBlockTask","message":"Imported #68 / 0 tx / 0 om / 0 (0.0%) gas / (0x65fe8ecbf7d8cdf620fc3a3d09f16b03f36f3a7fbeb189385335606be040fe2e) in 0.010s. Peers: 5","throwable":""}
{"timestamp":"2025-05-28T18:41:18,048","container":"dc9ee38e6d47","level":"INFO","thread":"EthScheduler-Workers-0","class":"PersistBlockTask","message":"Imported #69 / 0 tx / 0 om / 0 (0.0%) gas / (0x364bc502d6968d9344e72fa6cd5da225d5250bfc7fd8080ab2b96e908e907709) in 0.003s. Peers: 5","throwable":""}
{"timestamp":"2025-05-28T18:41:26,089","container":"dc9ee38e6d47","level":"INFO","thread":"EthScheduler-Workers-0","class":"PersistBlockTask","message":"Imported #70 / 0 tx / 0 om / 0 (0.0%) gas / (0xf3c04c546c86461e62005c66062d7f036383599d16029d640fdfb2da31bf196b) in 0.016s. Peers: 5","throwable":""}
{"timestamp":"2025-05-28T18:41:34,031","container":"dc9ee38e6d47","level":"INFO","thread":"EthScheduler-Workers-0","class":"PersistBlockTask","message":"Imported #71 / 0 tx / 0 om / 0 (0.0%) gas / (0xcfba77416745b2f36cdd57d97d4cd3b17d0cc813a43980ec6ecb3759fb30101d) in 0.005s. Peers: 5","throwable":""}
{"timestamp":"2025-05-28T18:41:42,104","container":"dc9ee38e6d47","level":"INFO","thread":"EthScheduler-Workers-0","class":"PersistBlockTask","message":"Imported #72 / 0 tx / 0 om / 0 (0.0%) gas / (0x2352e630c2542c6abb6571e95c102c1ee5cec8d52aa2454b1b8ab8534ebb8d87) in 0.003s. Peers: 5","throwable":""}
{"timestamp":"2025-05-28T18:41:50,057","container":"dc9ee38e6d47","level":"INFO","thread":"EthScheduler-Workers-0","class":"PersistBlockTask","message":"Imported #73 / 0 tx / 0 om / 0 (0.0%) gas / (0xebc8dffdee416173c69f7f4c8c111131006b449ca8156a6aedc170de8d59a10a) in 0.003s. Peers: 5","throwable":""}
{"timestamp":"2025-05-28T18:41:58,022","container":"dc9ee38e6d47","level":"INFO","thread":"EthScheduler-Workers-0","class":"PersistBlockTask","message":"Imported #74 / 0 tx / 0 om / 0 (0.0%) gas / (0xfdf7d0ce2200933d12510c70997cf11fc4752a9d77ee37c265f21bd4229df57f) in 0.002s. Peers: 5","throwable":""}
{"timestamp":"2025-05-28T18:42:06,024","container":"dc9ee38e6d47","level":"INFO","thread":"EthScheduler-Workers-0","class":"PersistBlockTask","message":"Imported #75 / 0 tx / 0 om / 0 (0.0%) gas / (0x503757fbdda5ee82b2bd13e86923e3a8d9c43ba7bf2729ed56d0b3847e4c909a) in 0.002s. Peers: 5","throwable":""}
{"timestamp":"2025-05-28T18:42:14,071","container":"dc9ee38e6d47","level":"INFO","thread":"EthScheduler-Workers-0","class":"PersistBlockTask","message":"Imported #76 / 0 tx / 0 om / 0 (0.0%) gas / (0xafb5aec081380100e5154c3aa34dcdf59660ff2d047343fb99c799ed7ae97421) in 0.007s. Peers: 5","throwable":""}
{"timestamp":"2025-05-28T18:42:22,091","container":"dc9ee38e6d47","level":"INFO","thread":"EthScheduler-Workers-0","class":"PersistBlockTask","message":"Imported #77 / 0 tx / 0 om / 0 (0.0%) gas / (0x646033cb1b978749e9db559b971e1d8770f6786c4164fdb43227a9291bc1dec6) in 0.036s. Peers: 5","throwable":""}
{"timestamp":"2025-05-28T18:42:30,050","container":"dc9ee38e6d47","level":"INFO","thread":"EthScheduler-Workers-0","class":"PersistBlockTask","message":"Imported #78 / 0 tx / 0 om / 0 (0.0%) gas / (0x8f71ee84a5b70153d892eb435e9c351d151de26320f54f0b488fca00b5ecc432) in 0.020s. Peers: 5","throwable":""}
{"timestamp":"2025-05-28T18:42:38,039","container":"dc9ee38e6d47","level":"INFO","thread":"EthScheduler-Workers-0","class":"PersistBlockTask","message":"Imported #79 / 0 tx / 0 om / 0 (0.0%) gas / (0x0a6a71bd33a88a6b2c38b864520cb627f2232232511111c3018affc6a8bbb96b) in 0.003s. Peers: 5","throwable":""}
{"timestamp":"2025-05-28T18:42:46,065","container":"dc9ee38e6d47","level":"INFO","thread":"EthScheduler-Workers-0","class":"PersistBlockTask","message":"Imported #80 / 0 tx / 0 om / 0 (0.0%) gas / (0x4886ee69dc4f1837e5d97c1ae695da4c7c40db4da3d6271613cf3de49ae1da90) in 0.027s. Peers: 5","throwable":""}
{"timestamp":"2025-05-28T18:42:54,065","container":"dc9ee38e6d47","level":"INFO","thread":"EthScheduler-Workers-0","class":"PersistBlockTask","message":"Imported #81 / 0 tx / 0 om / 0 (0.0%) gas / (0xdaedb13b095ac1baea1f957afac0451e1b437db2e7603e92dd9458d548d84a02) in 0.006s. Peers: 5","throwable":""}
{"timestamp":"2025-05-28T18:43:02,058","container":"dc9ee38e6d47","level":"INFO","thread":"EthScheduler-Workers-0","class":"PersistBlockTask","message":"Imported #82 / 0 tx / 0 om / 0 (0.0%) gas / (0xdff47cd4de423c4b47d28c27dc5cd95aa39cbd9d2cb06c0530e48305f897355d) in 0.006s. Peers: 5","throwable":""}
{"timestamp":"2025-05-28T18:43:10,023","container":"dc9ee38e6d47","level":"INFO","thread":"EthScheduler-Workers-0","class":"PersistBlockTask","message":"Imported #83 / 0 tx / 0 om / 0 (0.0%) gas / (0x6ec7ae68e6a3dc2bb741ec6d40b4018a7927cd2ed98c8c8b847bce1a7a4155f1) in 0.002s. Peers: 5","throwable":""}
{"timestamp":"2025-05-28T18:43:18,047","container":"dc9ee38e6d47","level":"INFO","thread":"EthScheduler-Workers-0","class":"PersistBlockTask","message":"Imported #84 / 0 tx / 0 om / 0 (0.0%) gas / (0x5e314cb47ec388e014cd4b7d0b37f88e885eeb5e65b70cb36afa52b68feeed29) in 0.004s. Peers: 5","throwable":""}
{"timestamp":"2025-05-28T18:43:26,037","container":"dc9ee38e6d47","level":"INFO","thread":"EthScheduler-Workers-0","class":"PersistBlockTask","message":"Imported #85 / 0 tx / 0 om / 0 (0.0%) gas / (0x90c6e807f0f13d49f67c766d749c32f7d9a0bcdd1feb467b15eaaae081f8170f) in 0.004s. Peers: 5","throwable":""}
{"timestamp":"2025-05-28T18:43:34,065","container":"dc9ee38e6d47","level":"INFO","thread":"EthScheduler-Workers-0","class":"PersistBlockTask","message":"Imported #86 / 0 tx / 0 om / 0 (0.0%) gas / (0x8f242b0b38b4da8ddbd544ed680d1f48628f562cd2f4afe8b05000b36890a6e7) in 0.005s. Peers: 5","throwable":""}
{"timestamp":"2025-05-28T18:43:42,040","container":"dc9ee38e6d47","level":"INFO","thread":"EthScheduler-Workers-0","class":"PersistBlockTask","message":"Imported #87 / 0 tx / 0 om / 0 (0.0%) gas / (0x28e19851135f48ab4698f33b32a628c0ecb78a14fd285f80852b8d21ca9ccd8a) in 0.007s. Peers: 5","throwable":""}
{"timestamp":"2025-05-28T18:43:50,052","container":"dc9ee38e6d47","level":"INFO","thread":"EthScheduler-Workers-0","class":"PersistBlockTask","message":"Imported #88 / 0 tx / 0 om / 0 (0.0%) gas / (0x3ec34effd25a883d907237df1bea6c33043e18d0959c0cd7c9af2383d5fe5e56) in 0.009s. Peers: 5","throwable":""}
{"timestamp":"2025-05-28T18:43:58,025","container":"dc9ee38e6d47","level":"INFO","thread":"EthScheduler-Workers-0","class":"PersistBlockTask","message":"Imported #89 / 0 tx / 0 om / 0 (0.0%) gas / (0xa655b0a0f352db57df028894d7d5ec551e184f11c7e3aa039b94efdcda3654a8) in 0.002s. Peers: 5","throwable":""}
{"timestamp":"2025-05-28T18:44:06,024","container":"dc9ee38e6d47","level":"INFO","thread":"EthScheduler-Workers-0","class":"PersistBlockTask","message":"Imported #90 / 0 tx / 0 om / 0 (0.0%) gas / (0xe2657ad474c5912130d480fb1543ab1e046ec57190560d084ee5a59c2e189353) in 0.002s. Peers: 5","throwable":""}
{"timestamp":"2025-05-28T18:44:14,023","container":"dc9ee38e6d47","level":"INFO","thread":"EthScheduler-Workers-0","class":"PersistBlockTask","message":"Imported #91 / 0 tx / 0 om / 0 (0.0%) gas / (0xc2e3fdb94069fdfc4d093013fad3a0a89893e3dafe03b8fb63b6dac18fb997ca) in 0.003s. Peers: 5","throwable":""}
{"timestamp":"2025-05-28T18:44:22,024","container":"dc9ee38e6d47","level":"INFO","thread":"EthScheduler-Workers-0","class":"PersistBlockTask","message":"Imported #92 / 0 tx / 0 om / 0 (0.0%) gas / (0xb3af049c4e233d4353ce08c3a76e5730b256a1e1df494bca8fdb4231c358caae) in 0.002s. Peers: 5","throwable":""}
{"timestamp":"2025-05-28T18:44:30,108","container":"dc9ee38e6d47","level":"INFO","thread":"EthScheduler-Workers-0","class":"PersistBlockTask","message":"Imported #93 / 0 tx / 0 om / 0 (0.0%) gas / (0x76a1f28f59cce1c9fdaa83edc5336e2cd544ac9519a598a5a4fd0379b2eef980) in 0.004s. Peers: 5","throwable":""}
{"timestamp":"2025-05-28T18:44:38,033","container":"dc9ee38e6d47","level":"INFO","thread":"EthScheduler-Workers-0","class":"PersistBlockTask","message":"Imported #94 / 0 tx / 0 om / 0 (0.0%) gas / (0x040cd28f0fc895452dcf25430674b7ac366b8b37f30b7564b81a1818606f6fc6) in 0.005s. Peers: 5","throwable":""}
{"timestamp":"2025-05-28T18:44:46,036","container":"dc9ee38e6d47","level":"INFO","thread":"EthScheduler-Workers-0","class":"PersistBlockTask","message":"Imported #95 / 0 tx / 0 om / 0 (0.0%) gas / (0xa01c980ae116dc07132df06cbd233129c15bd30c2ea1865dc8327162fdb28f25) in 0.003s. Peers: 5","throwable":""}
{"timestamp":"2025-05-28T18:44:54,028","container":"dc9ee38e6d47","level":"INFO","thread":"EthScheduler-Workers-0","class":"PersistBlockTask","message":"Imported #96 / 0 tx / 0 om / 0 (0.0%) gas / (0x70fb39cafe578568d15a869c2ab7e39c08bcd42b9966a841e6d8b6ea8424ab57) in 0.002s. Peers: 5","throwable":""}
{"timestamp":"2025-05-28T18:45:02,055","container":"dc9ee38e6d47","level":"INFO","thread":"EthScheduler-Workers-0","class":"PersistBlockTask","message":"Imported #97 / 0 tx / 0 om / 0 (0.0%) gas / (0x144d2d8424311427edfdc2efd25eaa44bde5624b0777db9469f6177d0ac197f3) in 0.010s. Peers: 5","throwable":""}
{"timestamp":"2025-05-28T18:45:10,076","container":"dc9ee38e6d47","level":"INFO","thread":"EthScheduler-Workers-0","class":"PersistBlockTask","message":"Imported #98 / 0 tx / 0 om / 0 (0.0%) gas / (0xaf083fb4f624575d679da1e81ca13f703f809240264121065e8f1bee214bc0c3) in 0.010s. Peers: 5","throwable":""}
{"timestamp":"2025-05-28T18:45:18,077","container":"dc9ee38e6d47","level":"INFO","thread":"EthScheduler-Workers-0","class":"PersistBlockTask","message":"Imported #99 / 0 tx / 0 om / 0 (0.0%) gas / (0x40e5c693bd82b2d7564ff982e005f7e71632bb7b4b967fe8b19e22965353c052) in 0.007s. Peers: 5","throwable":""}
{"timestamp":"2025-05-28T18:45:26,085","container":"dc9ee38e6d47","level":"INFO","thread":"EthScheduler-Workers-0","class":"PersistBlockTask","message":"Imported #100 / 0 tx / 0 om / 0 (0.0%) gas / (0xb006cf9645a0c55f0474af9da7f6bdcdb73d7e19b534b916bbd85c53c6aad9aa) in 0.012s. Peers: 5","throwable":""}
{"timestamp":"2025-05-28T18:45:34,036","container":"dc9ee38e6d47","level":"INFO","thread":"EthScheduler-Workers-0","class":"PersistBlockTask","message":"Imported #101 / 0 tx / 0 om / 0 (0.0%) gas / (0x43a73ca1ea9d27ca8b739dcaf332bf0a340e2c3d5be06212e1fb424635679987) in 0.002s. Peers: 5","throwable":""}
{"timestamp":"2025-05-28T18:45:42,034","container":"dc9ee38e6d47","level":"INFO","thread":"EthScheduler-Workers-0","class":"PersistBlockTask","message":"Imported #102 / 0 tx / 0 om / 0 (0.0%) gas / (0xe486d7d3548e0a9584948e8fc3f0767a4df6019ddcee196ff6b8d617ba062ca0) in 0.004s. Peers: 5","throwable":""}
{"timestamp":"2025-05-28T18:45:50,071","container":"dc9ee38e6d47","level":"INFO","thread":"EthScheduler-Workers-0","class":"PersistBlockTask","message":"Imported #103 / 0 tx / 0 om / 0 (0.0%) gas / (0xb8b646b610bbaae7eab63f389a21b3fc971f53e95e0652bd81d360183b97678c) in 0.008s. Peers: 5","throwable":""}
{"timestamp":"2025-05-28T18:45:58,034","container":"dc9ee38e6d47","level":"INFO","thread":"EthScheduler-Workers-0","class":"PersistBlockTask","message":"Imported #104 / 0 tx / 0 om / 0 (0.0%) gas / (0xe57d90c528f863095a427bd13a8ce703a1a19184dae383c0c152c3e1c46a2c73) in 0.002s. Peers: 5","throwable":""}
{"timestamp":"2025-05-28T18:46:06,052","container":"dc9ee38e6d47","level":"INFO","thread":"EthScheduler-Workers-0","class":"PersistBlockTask","message":"Imported #105 / 0 tx / 0 om / 0 (0.0%) gas / (0xf2e99cb7bcc307fa04b50363e8f0231eb271a3d44e9572d96c768f37b6bf2242) in 0.003s. Peers: 5","throwable":""}
{"timestamp":"2025-05-28T18:46:14,161","container":"dc9ee38e6d47","level":"INFO","thread":"EthScheduler-Workers-0","class":"PersistBlockTask","message":"Imported #106 / 0 tx / 0 om / 0 (0.0%) gas / (0x48e45576ff3d6e60e814f58184d77b0694a3940d157d62c2c29214dba641978d) in 0.046s. Peers: 5","throwable":""}
{"timestamp":"2025-05-28T18:46:22,088","container":"dc9ee38e6d47","level":"INFO","thread":"EthScheduler-Workers-0","class":"PersistBlockTask","message":"Imported #107 / 0 tx / 0 om / 0 (0.0%) gas / (0x7ef688aef76856e9375c7cfb05feb7b0c96b268e733a58ba4151c16790a1550f) in 0.003s. Peers: 5","throwable":""}
{"timestamp":"2025-05-28T18:46:30,038","container":"dc9ee38e6d47","level":"INFO","thread":"EthScheduler-Workers-0","class":"PersistBlockTask","message":"Imported #108 / 0 tx / 0 om / 0 (0.0%) gas / (0xf381827e21b350387d9431617f04660ec812ae585e0be3a1d18bcc39b01d2d8d) in 0.008s. Peers: 5","throwable":""}
{"timestamp":"2025-05-28T18:46:38,054","container":"dc9ee38e6d47","level":"INFO","thread":"EthScheduler-Workers-0","class":"PersistBlockTask","message":"Imported #109 / 0 tx / 0 om / 0 (0.0%) gas / (0x28a7850d2eb870a8cd69a3db0c6b32714a9f9f7043ed838a899b1794fa0db49f) in 0.016s. Peers: 5","throwable":""}
{"timestamp":"2025-05-28T18:46:46,022","container":"dc9ee38e6d47","level":"INFO","thread":"EthScheduler-Workers-0","class":"PersistBlockTask","message":"Imported #110 / 0 tx / 0 om / 0 (0.0%) gas / (0xd53b491c9d4581c801d973d8e4d07121d9887e0a289e2ecfce44bd785cb49efb) in 0.003s. Peers: 5","throwable":""}
{"timestamp":"2025-05-28T18:46:54,112","container":"dc9ee38e6d47","level":"INFO","thread":"EthScheduler-Workers-0","class":"PersistBlockTask","message":"Imported #111 / 0 tx / 0 om / 0 (0.0%) gas / (0x77ad6d57a61ae50f8d7455a2b1f5bacfa20d656516bee19fbb0b476548e72faf) in 0.008s. Peers: 5","throwable":""}
{"timestamp":"2025-05-28T18:47:02,061","container":"dc9ee38e6d47","level":"INFO","thread":"EthScheduler-Workers-0","class":"PersistBlockTask","message":"Imported #112 / 1 tx / 0 om / 22,436 (0.0%) gas / (0x12a61238e28c191a9ec02106f258e97df77e980b75e91ffaa372b30db36e684a) in 0.009s. Peers: 5","throwable":""}
{"timestamp":"2025-05-28T18:47:10,076","container":"dc9ee38e6d47","level":"INFO","thread":"EthScheduler-Workers-0","class":"PersistBlockTask","message":"Imported #113 / 0 tx / 0 om / 0 (0.0%) gas / (0x3e070bad9f2eac4466506a1cf22e39fa559377ee33caa8e39dbc588b86554614) in 0.005s. Peers: 5","throwable":""}
{"timestamp":"2025-05-28T18:47:18,088","container":"dc9ee38e6d47","level":"INFO","thread":"EthScheduler-Workers-0","class":"PersistBlockTask","message":"Imported #114 / 0 tx / 0 om / 0 (0.0%) gas / (0xfd75d9252afb4c6790bb00e931b9a01c6309e3b1ed857b7ad7a093bc43c09746) in 0.008s. Peers: 5","throwable":""}
{"timestamp":"2025-05-28T18:47:26,061","container":"dc9ee38e6d47","level":"INFO","thread":"EthScheduler-Workers-0","class":"PersistBlockTask","message":"Imported #115 / 0 tx / 0 om / 0 (0.0%) gas / (0x3f368aa4f419d89a4365eaf9e9e927c398acfe8f5520a7ec84a64f8b2751ff69) in 0.004s. Peers: 5","throwable":""}
{"timestamp":"2025-05-28T18:47:34,054","container":"dc9ee38e6d47","level":"INFO","thread":"EthScheduler-Workers-0","class":"PersistBlockTask","message":"Imported #116 / 0 tx / 0 om / 0 (0.0%) gas / (0xbee0c8ea6b9e3b73316ab0415d2c631ec486655e62139536eb650f1233f710b2) in 0.009s. Peers: 5","throwable":""}
{"timestamp":"2025-05-28T18:47:42,075","container":"dc9ee38e6d47","level":"INFO","thread":"EthScheduler-Workers-0","class":"PersistBlockTask","message":"Imported #117 / 0 tx / 0 om / 0 (0.0%) gas / (0x0dba78c503cc0c11b79771d4f01bd83f3d72394ee62c8990406a7aea48bd82d0) in 0.010s. Peers: 5","throwable":""}
{"timestamp":"2025-05-28T18:47:50,034","container":"dc9ee38e6d47","level":"INFO","thread":"EthScheduler-Workers-0","class":"PersistBlockTask","message":"Imported #118 / 0 tx / 0 om / 0 (0.0%) gas / (0x4f75d006a796eda7e149cb3c1086532d2590744e1d996d362c1c845217c68ba8) in 0.005s. Peers: 5","throwable":""}
{"timestamp":"2025-05-28T18:47:58,031","container":"dc9ee38e6d47","level":"INFO","thread":"EthScheduler-Workers-0","class":"PersistBlockTask","message":"Imported #119 / 0 tx / 0 om / 0 (0.0%) gas / (0x23b5d3c17da53e94f3a161728d1d30232df5b47001f3a84c3fc4ec9cf37b714c) in 0.002s. Peers: 5","throwable":""}
{"timestamp":"2025-05-28T18:48:06,034","container":"dc9ee38e6d47","level":"INFO","thread":"EthScheduler-Workers-0","class":"PersistBlockTask","message":"Imported #120 / 0 tx / 0 om / 0 (0.0%) gas / (0x1aefaf59c6f42d131bfa8370cb82248240c21a6a8d156905e0be1857089224df) in 0.003s. Peers: 5","throwable":""}
{"timestamp":"2025-05-28T18:48:14,075","container":"dc9ee38e6d47","level":"INFO","thread":"EthScheduler-Workers-0","class":"PersistBlockTask","message":"Imported #121 / 0 tx / 0 om / 0 (0.0%) gas / (0x120f54e857d9f2d117928859a65b970b331fb19e8e3c4bc0d792bf8a857f380f) in 0.006s. Peers: 5","throwable":""}
{"timestamp":"2025-05-28T18:48:22,026","container":"dc9ee38e6d47","level":"INFO","thread":"EthScheduler-Workers-0","class":"PersistBlockTask","message":"Imported #122 / 0 tx / 0 om / 0 (0.0%) gas / (0x6d0c315d6744a2ae4f4d6c40087f84246c5950d5aa825cdd3f42365a01d8d2fa) in 0.003s. Peers: 5","throwable":""}
{"timestamp":"2025-05-28T18:48:30,047","container":"dc9ee38e6d47","level":"INFO","thread":"EthScheduler-Workers-0","class":"PersistBlockTask","message":"Imported #123 / 0 tx / 0 om / 0 (0.0%) gas / (0xc7dee88978200ecdd78ad36fee838063e514bb0803348085a9b6ecd2069058bb) in 0.004s. Peers: 5","throwable":""}
{"timestamp":"2025-05-28T18:48:38,038","container":"dc9ee38e6d47","level":"INFO","thread":"EthScheduler-Workers-0","class":"PersistBlockTask","message":"Imported #124 / 0 tx / 0 om / 0 (0.0%) gas / (0x0b317088d9e37f54e9523fb51821fe4eae51e81eaa243a0f0c23b7debf0ac29b) in 0.008s. Peers: 5","throwable":""}
{"timestamp":"2025-05-28T18:48:46,027","container":"dc9ee38e6d47","level":"INFO","thread":"EthScheduler-Workers-0","class":"PersistBlockTask","message":"Imported #125 / 0 tx / 0 om / 0 (0.0%) gas / (0xfee0df8fbc24fa999e4713157a37737894102479665f81e18f6bc149de1f4234) in 0.002s. Peers: 5","throwable":""}
{"timestamp":"2025-05-28T18:48:54,036","container":"dc9ee38e6d47","level":"INFO","thread":"EthScheduler-Workers-0","class":"PersistBlockTask","message":"Imported #126 / 0 tx / 0 om / 0 (0.0%) gas / (0x45915839aa683a3564972b912ed64ce0c62f3f2d4fa1b4b9ae3f849b3841f211) in 0.004s. Peers: 5","throwable":""}
{"timestamp":"2025-05-28T18:49:02,035","container":"dc9ee38e6d47","level":"INFO","thread":"EthScheduler-Workers-0","class":"PersistBlockTask","message":"Imported #127 / 0 tx / 0 om / 0 (0.0%) gas / (0x4b0c18f00b6c6b69cacc9c5e68a8fc8600b0ced149b3ec95f283a075044bea82) in 0.003s. Peers: 5","throwable":""}
{"timestamp":"2025-05-28T18:49:10,108","container":"dc9ee38e6d47","level":"INFO","thread":"EthScheduler-Workers-0","class":"PersistBlockTask","message":"Imported #128 / 0 tx / 0 om / 0 (0.0%) gas / (0xd338c3b5cf7e5981a0a62e0f022c9466b19d9a71e0a216f5c92d2d9a4540bcbb) in 0.012s. Peers: 5","throwable":""}
{"timestamp":"2025-05-28T18:49:18,033","container":"dc9ee38e6d47","level":"INFO","thread":"EthScheduler-Workers-0","class":"PersistBlockTask","message":"Imported #129 / 0 tx / 0 om / 0 (0.0%) gas / (0x26587c0e7b516457da1b776976d3cbd02fe1c8b934ad08e2769675fdbab52d74) in 0.007s. Peers: 5","throwable":""}
{"timestamp":"2025-05-28T18:49:26,068","container":"dc9ee38e6d47","level":"INFO","thread":"EthScheduler-Workers-0","class":"PersistBlockTask","message":"Imported #130 / 0 tx / 0 om / 0 (0.0%) gas / (0x30040e1a927953fdadb84c630444237ce380fef592d8194988d3ba2d4f298172) in 0.012s. Peers: 5","throwable":""}
{"timestamp":"2025-05-28T18:49:34,030","container":"dc9ee38e6d47","level":"INFO","thread":"EthScheduler-Workers-0","class":"PersistBlockTask","message":"Imported #131 / 0 tx / 0 om / 0 (0.0%) gas / (0xe483b60663c52f3da9b7568dd80e5d3b98189eedbccbb935e30448c67094bbe7) in 0.004s. Peers: 5","throwable":""}
{"timestamp":"2025-05-28T18:49:42,025","container":"dc9ee38e6d47","level":"INFO","thread":"EthScheduler-Workers-0","class":"PersistBlockTask","message":"Imported #132 / 0 tx / 0 om / 0 (0.0%) gas / (0x6ed80f00f63316c2fd09e00767864bbed1fb4ed333456118159baa6b58a86326) in 0.002s. Peers: 5","throwable":""}
{"timestamp":"2025-05-28T18:49:50,065","container":"dc9ee38e6d47","level":"INFO","thread":"EthScheduler-Workers-0","class":"PersistBlockTask","message":"Imported #133 / 0 tx / 0 om / 0 (0.0%) gas / (0x9ec635c99ad32cf84a07e2cd7fa0a14f1b1718d6a34508f8786d0c26a7329248) in 0.003s. Peers: 5","throwable":""}
{"timestamp":"2025-05-28T18:49:58,063","container":"dc9ee38e6d47","level":"INFO","thread":"EthScheduler-Workers-0","class":"PersistBlockTask","message":"Imported #134 / 0 tx / 0 om / 0 (0.0%) gas / (0x65fa552238eff2035e1dcd4f0e98976335bae2d5e2648ff6939c503a8dfac04d) in 0.009s. Peers: 5","throwable":""}
{"timestamp":"2025-05-28T18:50:06,056","container":"dc9ee38e6d47","level":"INFO","thread":"EthScheduler-Workers-0","class":"PersistBlockTask","message":"Imported #135 / 0 tx / 0 om / 0 (0.0%) gas / (0xd7974747d6a17da4e38e8e59fae651fbd1f8219827e7ca49d59141b6f401b16b) in 0.004s. Peers: 5","throwable":""}
{"timestamp":"2025-05-28T18:50:14,043","container":"dc9ee38e6d47","level":"INFO","thread":"EthScheduler-Workers-0","class":"PersistBlockTask","message":"Imported #136 / 0 tx / 0 om / 0 (0.0%) gas / (0xcbec763fc78f9c1ed1af54f223435a27eba2534784a48cd31edcb49eea8313c7) in 0.010s. Peers: 5","throwable":""}
{"timestamp":"2025-05-28T18:50:22,024","container":"dc9ee38e6d47","level":"INFO","thread":"EthScheduler-Workers-0","class":"PersistBlockTask","message":"Imported #137 / 0 tx / 0 om / 0 (0.0%) gas / (0xae56ad6b2e9288a6b925ff8394de1c9a6316ae8e2ef773d9b9a99c6a6166afad) in 0.004s. Peers: 5","throwable":""}
{"timestamp":"2025-05-28T18:50:30,023","container":"dc9ee38e6d47","level":"INFO","thread":"EthScheduler-Workers-0","class":"PersistBlockTask","message":"Imported #138 / 0 tx / 0 om / 0 (0.0%) gas / (0x1af2f5b35b3f8a195dd583d31f1d2480163b599ddfd98f1901f425376e7c3f54) in 0.003s. Peers: 5","throwable":""}
{"timestamp":"2025-05-28T18:50:38,084","container":"dc9ee38e6d47","level":"INFO","thread":"EthScheduler-Workers-0","class":"PersistBlockTask","message":"Imported #139 / 0 tx / 0 om / 0 (0.0%) gas / (0x448e16697366295f599de731bdeaaffb2b27b6ea61012f665d1f1972a5484f89) in 0.016s. Peers: 5","throwable":""}
{"timestamp":"2025-05-28T18:50:46,062","container":"dc9ee38e6d47","level":"INFO","thread":"EthScheduler-Workers-0","class":"PersistBlockTask","message":"Imported #140 / 0 tx / 0 om / 0 (0.0%) gas / (0xe2d18cfd431175ee23c52f6ac2bcb19956c999359169f699a8d89459bffcc381) in 0.013s. Peers: 5","throwable":""}
{"timestamp":"2025-05-28T18:50:54,021","container":"dc9ee38e6d47","level":"INFO","thread":"EthScheduler-Workers-0","class":"PersistBlockTask","message":"Imported #141 / 0 tx / 0 om / 0 (0.0%) gas / (0x2708b5e56589aabe0a33d5805cf55bfed14fb3f02127c83d8a80c9e99bb8957e) in 0.002s. Peers: 5","throwable":""}
{"timestamp":"2025-05-28T18:51:02,057","container":"dc9ee38e6d47","level":"INFO","thread":"EthScheduler-Workers-0","class":"PersistBlockTask","message":"Imported #142 / 0 tx / 0 om / 0 (0.0%) gas / (0x6a02d4021f814decf3aca3043b93eabac350a7d52c07ccd75d0fe12d312dc2ef) in 0.012s. Peers: 5","throwable":""}
{"timestamp":"2025-05-28T18:51:10,027","container":"dc9ee38e6d47","level":"INFO","thread":"EthScheduler-Workers-0","class":"PersistBlockTask","message":"Imported #143 / 0 tx / 0 om / 0 (0.0%) gas / (0x0d50d88ce7ba4a995923858363c0ade944f3995162d53e44103a0b67ae93a0d6) in 0.003s. Peers: 5","throwable":""}
{"timestamp":"2025-05-28T18:51:18,034","container":"dc9ee38e6d47","level":"INFO","thread":"EthScheduler-Workers-0","class":"PersistBlockTask","message":"Imported #144 / 0 tx / 0 om / 0 (0.0%) gas / (0xae2971c01c73b28583af76f9bf0f0a7d9c0e947d3c0e1500d5d76f589c2b7642) in 0.003s. Peers: 5","throwable":""}
{"timestamp":"2025-05-28T18:51:26,112","container":"dc9ee38e6d47","level":"INFO","thread":"EthScheduler-Workers-0","class":"PersistBlockTask","message":"Imported #145 / 0 tx / 0 om / 0 (0.0%) gas / (0x1740388287ff8f1d4ffe038dcaefbf64dd223883607e075f48545e69a1805969) in 0.026s. Peers: 5","throwable":""}
{"timestamp":"2025-05-28T18:51:34,074","container":"dc9ee38e6d47","level":"INFO","thread":"EthScheduler-Workers-0","class":"PersistBlockTask","message":"Imported #146 / 0 tx / 0 om / 0 (0.0%) gas / (0xb75b5654c02449fbc61091ff3f77bfb23dc4c6e32df05db368197982a55df36c) in 0.013s. Peers: 5","throwable":""}
{"timestamp":"2025-05-28T18:51:42,096","container":"dc9ee38e6d47","level":"INFO","thread":"EthScheduler-Workers-0","class":"PersistBlockTask","message":"Imported #147 / 0 tx / 0 om / 0 (0.0%) gas / (0xf3663c163b30cd340b2eb69b4c44037707d5faa87d6a40fc9cbb0cea101d3d98) in 0.006s. Peers: 5","throwable":""}
{"timestamp":"2025-05-28T18:51:50,040","container":"dc9ee38e6d47","level":"INFO","thread":"EthScheduler-Workers-0","class":"PersistBlockTask","message":"Imported #148 / 0 tx / 0 om / 0 (0.0%) gas / (0x075cdc00c80f27e579c897beed0c53ca98c35c0df6d90a728627a9675befab80) in 0.005s. Peers: 5","throwable":""}
{"timestamp":"2025-05-28T18:51:58,066","container":"dc9ee38e6d47","level":"INFO","thread":"EthScheduler-Workers-0","class":"PersistBlockTask","message":"Imported #149 / 0 tx / 0 om / 0 (0.0%) gas / (0xca55800b91cbcb7d6251fdb70cc2cc28520aaefdd7633af26e352d6d877b6475) in 0.009s. Peers: 5","throwable":""}
{"timestamp":"2025-05-28T18:52:06,030","container":"dc9ee38e6d47","level":"INFO","thread":"EthScheduler-Workers-0","class":"PersistBlockTask","message":"Imported #150 / 0 tx / 0 om / 0 (0.0%) gas / (0xeb1b57bb823b69be9e011b36cd49307b10f564112090a34570c6934546b269fe) in 0.002s. Peers: 5","throwable":""}
{"timestamp":"2025-05-28T18:52:14,037","container":"dc9ee38e6d47","level":"INFO","thread":"EthScheduler-Workers-0","class":"PersistBlockTask","message":"Imported #151 / 0 tx / 0 om / 0 (0.0%) gas / (0x941eb6e6d5f8b6298fa1254dec17ee385d4ce6a731e4a7b464fd46a1d0fb56b8) in 0.004s. Peers: 5","throwable":""}
{"timestamp":"2025-05-28T18:52:22,027","container":"dc9ee38e6d47","level":"INFO","thread":"EthScheduler-Workers-0","class":"PersistBlockTask","message":"Imported #152 / 0 tx / 0 om / 0 (0.0%) gas / (0xcf7c0e53237e091e21e0d2bab4651f57c82d90fe191721c53b6d9a3f485ca509) in 0.005s. Peers: 5","throwable":""}
{"timestamp":"2025-05-28T18:52:30,033","container":"dc9ee38e6d47","level":"INFO","thread":"EthScheduler-Workers-0","class":"PersistBlockTask","message":"Imported #153 / 0 tx / 0 om / 0 (0.0%) gas / (0x7601d89b9463fbf6aba9282cd18c521ca2056cc01ce5743dc50b29f4864e4314) in 0.004s. Peers: 5","throwable":""}
{"timestamp":"2025-05-28T18:52:38,049","container":"dc9ee38e6d47","level":"INFO","thread":"EthScheduler-Workers-0","class":"PersistBlockTask","message":"Imported #154 / 0 tx / 0 om / 0 (0.0%) gas / (0x9e759ca2f17bf9843a241f93597ee30aa9a017ecf59477f953cf95a5f5cd544f) in 0.003s. Peers: 5","throwable":""}
{"timestamp":"2025-05-28T18:52:46,019","container":"dc9ee38e6d47","level":"INFO","thread":"EthScheduler-Workers-0","class":"PersistBlockTask","message":"Imported #155 / 0 tx / 0 om / 0 (0.0%) gas / (0x9268cf51a7f69f772c59fad99a15146d370d957795133140e88b2204c9a52c0b) in 0.002s. Peers: 5","throwable":""}
{"timestamp":"2025-05-28T18:52:54,064","container":"dc9ee38e6d47","level":"INFO","thread":"EthScheduler-Workers-0","class":"PersistBlockTask","message":"Imported #156 / 0 tx / 0 om / 0 (0.0%) gas / (0xebfc3cc32cbeb7e6fc4c580cbe0a6dd08c812b1c6a55176e0bc77021caab848f) in 0.008s. Peers: 5","throwable":""}
{"timestamp":"2025-05-28T18:53:02,057","container":"dc9ee38e6d47","level":"INFO","thread":"EthScheduler-Workers-0","class":"PersistBlockTask","message":"Imported #157 / 0 tx / 0 om / 0 (0.0%) gas / (0xd8e0e5172df3ae04f2efca990222ce2251242fc16fcaf473fb2d575fa7ada314) in 0.010s. Peers: 5","throwable":""}
{"timestamp":"2025-05-28T18:53:10,017","container":"dc9ee38e6d47","level":"INFO","thread":"EthScheduler-Workers-0","class":"PersistBlockTask","message":"Imported #158 / 0 tx / 0 om / 0 (0.0%) gas / (0xa5da1c3a5b68d4bae6a1616b2f004778e946809d0fd754889e35483283469857) in 0.002s. Peers: 5","throwable":""}
{"timestamp":"2025-05-28T18:53:18,052","container":"dc9ee38e6d47","level":"INFO","thread":"EthScheduler-Workers-0","class":"PersistBlockTask","message":"Imported #159 / 0 tx / 0 om / 0 (0.0%) gas / (0x2ad2c07896640e4c388580fd30a7c7c5d56a06993229428ed4c447c03c651340) in 0.003s. Peers: 5","throwable":""}
{"timestamp":"2025-05-28T18:53:26,043","container":"dc9ee38e6d47","level":"INFO","thread":"EthScheduler-Workers-0","class":"PersistBlockTask","message":"Imported #160 / 0 tx / 0 om / 0 (0.0%) gas / (0x382aba5055cc9b955289a1f152e7d375cfbea9dd3a822636a57a39d88a04bbab) in 0.003s. Peers: 5","throwable":""}
{"timestamp":"2025-05-28T18:53:34,027","container":"dc9ee38e6d47","level":"INFO","thread":"EthScheduler-Workers-0","class":"PersistBlockTask","message":"Imported #161 / 0 tx / 0 om / 0 (0.0%) gas / (0x8f1b3393001bd54fddb9bd609a83da03cfec2a21c288e48d46028e9d4563f906) in 0.005s. Peers: 5","throwable":""}
{"timestamp":"2025-05-28T18:53:42,042","container":"dc9ee38e6d47","level":"INFO","thread":"EthScheduler-Workers-0","class":"PersistBlockTask","message":"Imported #162 / 0 tx / 0 om / 0 (0.0%) gas / (0x95f17a02bff6b700eac7de4d7d5f4b29c302ea554e7629240079d6a39cb166bb) in 0.002s. Peers: 5","throwable":""}
{"timestamp":"2025-05-28T18:53:50,067","container":"dc9ee38e6d47","level":"INFO","thread":"EthScheduler-Workers-0","class":"PersistBlockTask","message":"Imported #163 / 0 tx / 0 om / 0 (0.0%) gas / (0x06a297ac90e89c8d8589ed7b3ea1d8c3eb017f9ab8424c914440e7ab624a5446) in 0.007s. Peers: 5","throwable":""}
{"timestamp":"2025-05-28T18:53:58,026","container":"dc9ee38e6d47","level":"INFO","thread":"EthScheduler-Workers-0","class":"PersistBlockTask","message":"Imported #164 / 0 tx / 0 om / 0 (0.0%) gas / (0x130d71df85b9955feecf307cc80d7214ffd1da0492d24cdb2626bdf6e587bd6b) in 0.003s. Peers: 5","throwable":""}
{"timestamp":"2025-05-28T18:54:06,047","container":"dc9ee38e6d47","level":"INFO","thread":"EthScheduler-Workers-0","class":"PersistBlockTask","message":"Imported #165 / 0 tx / 0 om / 0 (0.0%) gas / (0x10fae2d71c12c531c56958e83f01e7f81398df5e5f64137d118540012fd90755) in 0.003s. Peers: 5","throwable":""}
{"timestamp":"2025-05-28T18:54:14,042","container":"dc9ee38e6d47","level":"INFO","thread":"EthScheduler-Workers-0","class":"PersistBlockTask","message":"Imported #166 / 0 tx / 0 om / 0 (0.0%) gas / (0x9bbbe3737e9578e27e965755b2debae6b0b5563aa82ba3e4005ef22a078ddb4a) in 0.004s. Peers: 5","throwable":""}
{"timestamp":"2025-05-28T18:54:22,050","container":"dc9ee38e6d47","level":"INFO","thread":"EthScheduler-Workers-0","class":"PersistBlockTask","message":"Imported #167 / 0 tx / 0 om / 0 (0.0%) gas / (0x3f10d2646353aa2e18fe2cbe59cc5ffbc5b64cf851c65b67290f9408b8638c4f) in 0.002s. Peers: 5","throwable":""}
{"timestamp":"2025-05-28T18:54:30,023","container":"dc9ee38e6d47","level":"INFO","thread":"EthScheduler-Workers-0","class":"PersistBlockTask","message":"Imported #168 / 0 tx / 0 om / 0 (0.0%) gas / (0x482470d3e69862630994f2a31ffc941f222137184d2a9f69ed20ca99089bc1cd) in 0.002s. Peers: 5","throwable":""}
{"timestamp":"2025-05-28T18:54:38,019","container":"dc9ee38e6d47","level":"INFO","thread":"EthScheduler-Workers-0","class":"PersistBlockTask","message":"Imported #169 / 0 tx / 0 om / 0 (0.0%) gas / (0x07a8a0335588bea28192f1f573c48fdb2fc3166823d28768e9d75c71537d6eac) in 0.002s. Peers: 5","throwable":""}
{"timestamp":"2025-05-28T18:54:46,020","container":"dc9ee38e6d47","level":"INFO","thread":"EthScheduler-Workers-0","class":"PersistBlockTask","message":"Imported #170 / 0 tx / 0 om / 0 (0.0%) gas / (0x45524dc0035c3058e222ea8af7971a84190756c2c3120d1ee7a30756cc038ae2) in 0.003s. Peers: 5","throwable":""}
{"timestamp":"2025-05-28T18:54:54,063","container":"dc9ee38e6d47","level":"INFO","thread":"EthScheduler-Workers-0","class":"PersistBlockTask","message":"Imported #171 / 0 tx / 0 om / 0 (0.0%) gas / (0x10494d992e166598d19b0fea560f6eecc5a4c45fba073860acfea4f6854f2f4f) in 0.006s. Peers: 5","throwable":""}
{"timestamp":"2025-05-28T18:55:02,044","container":"dc9ee38e6d47","level":"INFO","thread":"EthScheduler-Workers-0","class":"PersistBlockTask","message":"Imported #172 / 0 tx / 0 om / 0 (0.0%) gas / (0x0c02b73cd243186c50b6f5f25ca113a9dc8ddabc5b08c10c5258950cd5c39db1) in 0.003s. Peers: 5","throwable":""}
{"timestamp":"2025-05-28T18:55:10,038","container":"dc9ee38e6d47","level":"INFO","thread":"EthScheduler-Workers-0","class":"PersistBlockTask","message":"Imported #173 / 0 tx / 0 om / 0 (0.0%) gas / (0xb99943f6a5a69d29c477eb076eeda28b96a99b2a7bfb30d61b18712f970b9294) in 0.002s. Peers: 5","throwable":""}
{"timestamp":"2025-05-28T18:55:18,034","container":"dc9ee38e6d47","level":"INFO","thread":"EthScheduler-Workers-0","class":"PersistBlockTask","message":"Imported #174 / 0 tx / 0 om / 0 (0.0%) gas / (0x2651eeebe7bc44e510987e1f43f46660d24fea16ceedd64b0e157911d46b9559) in 0.006s. Peers: 5","throwable":""}
{"timestamp":"2025-05-28T18:55:26,038","container":"dc9ee38e6d47","level":"INFO","thread":"EthScheduler-Workers-0","class":"PersistBlockTask","message":"Imported #175 / 0 tx / 0 om / 0 (0.0%) gas / (0x4984d35cb6667e5c2a1a57b423bea67134e85339c2371d752e5eadd44f872271) in 0.002s. Peers: 5","throwable":""}
{"timestamp":"2025-05-28T18:55:34,043","container":"dc9ee38e6d47","level":"INFO","thread":"EthScheduler-Workers-0","class":"PersistBlockTask","message":"Imported #176 / 0 tx / 0 om / 0 (0.0%) gas / (0x496b85b49baca55dbc0cc8a0466d1032bd7db49afce9e8ee56173eee6c22d8f5) in 0.003s. Peers: 5","throwable":""}
{"timestamp":"2025-05-28T18:55:42,064","container":"dc9ee38e6d47","level":"INFO","thread":"EthScheduler-Workers-0","class":"PersistBlockTask","message":"Imported #177 / 0 tx / 0 om / 0 (0.0%) gas / (0xdb2f81c60a2e479dc304f8da681069da4128790713d08f7e70fc5ac930ca127a) in 0.014s. Peers: 5","throwable":""}
{"timestamp":"2025-05-28T18:55:50,022","container":"dc9ee38e6d47","level":"INFO","thread":"EthScheduler-Workers-0","class":"PersistBlockTask","message":"Imported #178 / 0 tx / 0 om / 0 (0.0%) gas / (0x51cc4e603401a623a3de3809f65f33aadc564dbb0e88284ac34277d51cdc49ae) in 0.005s. Peers: 5","throwable":""}
{"timestamp":"2025-05-28T18:55:58,096","container":"dc9ee38e6d47","level":"INFO","thread":"EthScheduler-Workers-0","class":"PersistBlockTask","message":"Imported #179 / 0 tx / 0 om / 0 (0.0%) gas / (0xf6a92fb767ee606dbb6cac926b6d35a1838781e1bf9510a71357f76a6b510471) in 0.013s. Peers: 5","throwable":""}
{"timestamp":"2025-05-28T18:56:06,031","container":"dc9ee38e6d47","level":"INFO","thread":"EthScheduler-Workers-0","class":"PersistBlockTask","message":"Imported #180 / 0 tx / 0 om / 0 (0.0%) gas / (0xe269d01d90abb507cdc3898033b0e66e453357f4894b66471acd4b3649630f6f) in 0.006s. Peers: 5","throwable":""}
{"timestamp":"2025-05-28T18:56:14,050","container":"dc9ee38e6d47","level":"INFO","thread":"EthScheduler-Workers-0","class":"PersistBlockTask","message":"Imported #181 / 0 tx / 0 om / 0 (0.0%) gas / (0xad972ea3ce6d48caff295df5cbe796f2976fdfb7feedbd849e28ab869b59e440) in 0.007s. Peers: 5","throwable":""}
{"timestamp":"2025-05-28T18:56:22,019","container":"dc9ee38e6d47","level":"INFO","thread":"EthScheduler-Workers-0","class":"PersistBlockTask","message":"Imported #182 / 0 tx / 0 om / 0 (0.0%) gas / (0x214ddb4800c3023e0ed2d1ed1fe2316902b4b1dad9ce8ff889dc6f9dc3349209) in 0.004s. Peers: 5","throwable":""}
{"timestamp":"2025-05-28T18:56:30,052","container":"dc9ee38e6d47","level":"INFO","thread":"EthScheduler-Workers-0","class":"PersistBlockTask","message":"Imported #183 / 0 tx / 0 om / 0 (0.0%) gas / (0x1726083dd9df47d40207648327a198463c39a2ebb6d9f4cdd5dd1d8dea3f5b93) in 0.008s. Peers: 5","throwable":""}
{"timestamp":"2025-05-28T18:56:38,028","container":"dc9ee38e6d47","level":"INFO","thread":"EthScheduler-Workers-0","class":"PersistBlockTask","message":"Imported #184 / 0 tx / 0 om / 0 (0.0%) gas / (0xccba8b8e705e2c14649354ff5084a1c2ab7b9c70e8619377f27a9c4c09a2eb92) in 0.004s. Peers: 5","throwable":""}
{"timestamp":"2025-05-28T18:56:46,019","container":"dc9ee38e6d47","level":"INFO","thread":"EthScheduler-Workers-0","class":"PersistBlockTask","message":"Imported #185 / 0 tx / 0 om / 0 (0.0%) gas / (0xa68d51b5c3008dfcd94113e76ab8406e975a8df9d33fa726fe865e9dee12fb22) in 0.002s. Peers: 5","throwable":""}
{"timestamp":"2025-05-28T18:56:54,071","container":"dc9ee38e6d47","level":"INFO","thread":"EthScheduler-Workers-0","class":"PersistBlockTask","message":"Imported #186 / 0 tx / 0 om / 0 (0.0%) gas / (0x8c64e6360bc3733f93a55a278a81b18d4e6aef82598fa519bd567bdaf29ffa35) in 0.018s. Peers: 5","throwable":""}
{"timestamp":"2025-05-28T18:57:02,097","container":"dc9ee38e6d47","level":"INFO","thread":"EthScheduler-Workers-0","class":"PersistBlockTask","message":"Imported #187 / 0 tx / 0 om / 0 (0.0%) gas / (0x80f46f791a813b6de72aca58497b7ce730586436f94fb02df1b4b0ab5f6d2d69) in 0.014s. Peers: 5","throwable":""}
{"timestamp":"2025-05-28T18:57:10,019","container":"dc9ee38e6d47","level":"INFO","thread":"EthScheduler-Workers-0","class":"PersistBlockTask","message":"Imported #188 / 0 tx / 0 om / 0 (0.0%) gas / (0xb48d9457ae05f5588aaea3a356cc3583c31cef85d7d69f3b33d081e71eb7f8f2) in 0.002s. Peers: 5","throwable":""}
{"timestamp":"2025-05-28T18:57:18,106","container":"dc9ee38e6d47","level":"INFO","thread":"EthScheduler-Workers-0","class":"PersistBlockTask","message":"Imported #189 / 0 tx / 0 om / 0 (0.0%) gas / (0x60165238135a47ef8d3423a90836f03cd632023fb15f054251626fdd8e8fb6db) in 0.021s. Peers: 5","throwable":""}
{"timestamp":"2025-05-28T18:57:26,029","container":"dc9ee38e6d47","level":"INFO","thread":"EthScheduler-Workers-0","class":"PersistBlockTask","message":"Imported #190 / 0 tx / 0 om / 0 (0.0%) gas / (0xb2023564449186dba5c4d3ed53af427203b01064cb6bb894c6ebc2881c9dbe3a) in 0.005s. Peers: 5","throwable":""}
{"timestamp":"2025-05-28T18:57:34,021","container":"dc9ee38e6d47","level":"INFO","thread":"EthScheduler-Workers-0","class":"PersistBlockTask","message":"Imported #191 / 0 tx / 0 om / 0 (0.0%) gas / (0x237930fe3fe6195cbe733fae99f3cde922e481bc93d333c019e92e9e63ffbe24) in 0.003s. Peers: 5","throwable":""}
{"timestamp":"2025-05-28T18:57:42,121","container":"dc9ee38e6d47","level":"INFO","thread":"EthScheduler-Workers-0","class":"PersistBlockTask","message":"Imported #192 / 0 tx / 0 om / 0 (0.0%) gas / (0x6e39fc610b74382ee40cca630a4abe0ec5182495493cdd1806f8a7569b7ef4e5) in 0.014s. Peers: 5","throwable":""}
{"timestamp":"2025-05-28T18:57:50,050","container":"dc9ee38e6d47","level":"INFO","thread":"EthScheduler-Workers-0","class":"PersistBlockTask","message":"Imported #193 / 0 tx / 0 om / 0 (0.0%) gas / (0x4073b4ecd3df7fb85d83f413f7ab89ca7a04828b659f8d47b44c9650375dd62d) in 0.008s. Peers: 5","throwable":""}
{"timestamp":"2025-05-28T18:57:58,048","container":"dc9ee38e6d47","level":"INFO","thread":"EthScheduler-Workers-0","class":"PersistBlockTask","message":"Imported #194 / 0 tx / 0 om / 0 (0.0%) gas / (0x3767e8378be868e7337c3ed18ef4bb4f831e733c9de915bbd2f10c0a6ce445ec) in 0.008s. Peers: 5","throwable":""}
{"timestamp":"2025-05-28T18:58:06,079","container":"dc9ee38e6d47","level":"INFO","thread":"EthScheduler-Workers-0","class":"PersistBlockTask","message":"Imported #195 / 0 tx / 0 om / 0 (0.0%) gas / (0xba5c70755be2fc05f357b9bd424c23d0aab4960b59198a38df083bb58262e1a2) in 0.015s. Peers: 5","throwable":""}
{"timestamp":"2025-05-28T18:58:14,037","container":"dc9ee38e6d47","level":"INFO","thread":"EthScheduler-Workers-0","class":"PersistBlockTask","message":"Imported #196 / 0 tx / 0 om / 0 (0.0%) gas / (0xbd013cc3988c5d6803e9b331f2109ce85219e768f43915f24c2a58895d8310a7) in 0.004s. Peers: 5","throwable":""}
{"timestamp":"2025-05-28T18:58:22,032","container":"dc9ee38e6d47","level":"INFO","thread":"EthScheduler-Workers-0","class":"PersistBlockTask","message":"Imported #197 / 0 tx / 0 om / 0 (0.0%) gas / (0xb6af3a081c72f7c87b1d58cd01fb2043136bbd8f421f0a878816894cc45c4e53) in 0.004s. Peers: 5","throwable":""}
{"timestamp":"2025-05-28T18:58:30,086","container":"dc9ee38e6d47","level":"INFO","thread":"EthScheduler-Workers-0","class":"PersistBlockTask","message":"Imported #198 / 0 tx / 0 om / 0 (0.0%) gas / (0x71133184c5d14ed5927bce4e085ba7cb54a6a00e847670cebac8018975b598b0) in 0.013s. Peers: 5","throwable":""}
{"timestamp":"2025-05-28T18:58:38,029","container":"dc9ee38e6d47","level":"INFO","thread":"EthScheduler-Workers-0","class":"PersistBlockTask","message":"Imported #199 / 0 tx / 0 om / 0 (0.0%) gas / (0xcbf89cb998561b947bd6d41985c461ec4201053217a0bb867f69068eba0b8371) in 0.002s. Peers: 5","throwable":""}
{"timestamp":"2025-05-28T18:58:46,044","container":"dc9ee38e6d47","level":"INFO","thread":"EthScheduler-Workers-0","class":"PersistBlockTask","message":"Imported #200 / 0 tx / 0 om / 0 (0.0%) gas / (0x7496530da18d8166aed38386c8e620be486778d3a052ad71591b591b62367e8c) in 0.004s. Peers: 5","throwable":""}
{"timestamp":"2025-05-28T18:58:54,181","container":"dc9ee38e6d47","level":"INFO","thread":"EthScheduler-Workers-0","class":"PersistBlockTask","message":"Imported #201 / 0 tx / 0 om / 0 (0.0%) gas / (0x2e27759331addc740bb8de9db913f913f9f5ef3254f7c6b6f976a8fe2350c8c0) in 0.030s. Peers: 5","throwable":""}
{"timestamp":"2025-05-28T18:59:02,019","container":"dc9ee38e6d47","level":"INFO","thread":"EthScheduler-Workers-0","class":"PersistBlockTask","message":"Imported #202 / 0 tx / 0 om / 0 (0.0%) gas / (0x994bc5de324d63481ff7c34de9b5542c42bc055b287afbfeeda8eab6f00991c6) in 0.002s. Peers: 5","throwable":""}
{"timestamp":"2025-05-28T18:59:10,018","container":"dc9ee38e6d47","level":"INFO","thread":"EthScheduler-Workers-0","class":"PersistBlockTask","message":"Imported #203 / 0 tx / 0 om / 0 (0.0%) gas / (0x45f67d74e21a6f0ad3883a474cb1720e88b0744ae1bacdb609958012d661c04a) in 0.002s. Peers: 5","throwable":""}
{"timestamp":"2025-05-28T18:59:18,080","container":"dc9ee38e6d47","level":"INFO","thread":"EthScheduler-Workers-0","class":"PersistBlockTask","message":"Imported #204 / 0 tx / 0 om / 0 (0.0%) gas / (0xcbdd21a41bfd90d9fa21e02005caa9af0d5c3f027f282e2f5d32866c59af0e51) in 0.006s. Peers: 5","throwable":""}
{"timestamp":"2025-05-28T18:59:26,028","container":"dc9ee38e6d47","level":"INFO","thread":"EthScheduler-Workers-0","class":"PersistBlockTask","message":"Imported #205 / 0 tx / 0 om / 0 (0.0%) gas / (0x8ec1aeb31fe763ebba0513471b2a7dfd983c689addfd60e8e0dc5e9403ededc3) in 0.004s. Peers: 5","throwable":""}
{"timestamp":"2025-05-28T18:59:34,032","container":"dc9ee38e6d47","level":"INFO","thread":"EthScheduler-Workers-0","class":"PersistBlockTask","message":"Imported #206 / 0 tx / 0 om / 0 (0.0%) gas / (0x7a0fd2a24e2deec25cd4aa7cc435b0e5b5d7aefc1de26531bc30ee5cf475b8a6) in 0.006s. Peers: 5","throwable":""}
{"timestamp":"2025-05-28T18:59:42,027","container":"dc9ee38e6d47","level":"INFO","thread":"EthScheduler-Workers-0","class":"PersistBlockTask","message":"Imported #207 / 0 tx / 0 om / 0 (0.0%) gas / (0x64eb4bbb7726cb2b767a9ac1635f7a693ac13e000a87bf3070846797c286c642) in 0.007s. Peers: 5","throwable":""}
{"timestamp":"2025-05-28T18:59:50,062","container":"dc9ee38e6d47","level":"INFO","thread":"EthScheduler-Workers-0","class":"PersistBlockTask","message":"Imported #208 / 0 tx / 0 om / 0 (0.0%) gas / (0xbc6b1a1a622f26b31c3402c4124d858dae9f520febaf360ddf4725e227ed47f9) in 0.015s. Peers: 5","throwable":""}
{"timestamp":"2025-05-28T18:59:58,020","container":"dc9ee38e6d47","level":"INFO","thread":"EthScheduler-Workers-0","class":"PersistBlockTask","message":"Imported #209 / 0 tx / 0 om / 0 (0.0%) gas / (0x4cea684a36d7d14d1021a69c78ce0931b90597164d22114c1e8bcc1b04dddac0) in 0.003s. Peers: 5","throwable":""}
{"timestamp":"2025-05-28T19:00:06,021","container":"dc9ee38e6d47","level":"INFO","thread":"EthScheduler-Workers-0","class":"PersistBlockTask","message":"Imported #210 / 0 tx / 0 om / 0 (0.0%) gas / (0x6ed7816f03cf7b591fb419b482b459e1be89119834883cd131744e281245fa89) in 0.004s. Peers: 5","throwable":""}
{"timestamp":"2025-05-28T19:00:14,054","container":"dc9ee38e6d47","level":"INFO","thread":"EthScheduler-Workers-0","class":"PersistBlockTask","message":"Imported #211 / 0 tx / 0 om / 0 (0.0%) gas / (0x9160e6dc569d885d8a132bd8cd6a1175481545977beee429bc68ebce7b73fe9f) in 0.006s. Peers: 5","throwable":""}
{"timestamp":"2025-05-28T19:00:22,029","container":"dc9ee38e6d47","level":"INFO","thread":"EthScheduler-Workers-0","class":"PersistBlockTask","message":"Imported #212 / 0 tx / 0 om / 0 (0.0%) gas / (0xcac318a1b91535996fe5531e19b32ef8837fa890aed1407ada06f5cc123cccd9) in 0.006s. Peers: 5","throwable":""}
{"timestamp":"2025-05-28T19:00:30,023","container":"dc9ee38e6d47","level":"INFO","thread":"EthScheduler-Workers-0","class":"PersistBlockTask","message":"Imported #213 / 0 tx / 0 om / 0 (0.0%) gas / (0x9a1261677c78eed1d081e4862469ced49237513dcaa2280158307f0f2dab658c) in 0.002s. Peers: 5","throwable":""}
{"timestamp":"2025-05-28T19:00:38,019","container":"dc9ee38e6d47","level":"INFO","thread":"EthScheduler-Workers-0","class":"PersistBlockTask","message":"Imported #214 / 0 tx / 0 om / 0 (0.0%) gas / (0x6959bfcb492da4534f82d7bfbb9078609aba94dccf4c7dcef8623cc60cfd0161) in 0.002s. Peers: 5","throwable":""}
{"timestamp":"2025-05-28T19:00:46,018","container":"dc9ee38e6d47","level":"INFO","thread":"EthScheduler-Workers-0","class":"PersistBlockTask","message":"Imported #215 / 0 tx / 0 om / 0 (0.0%) gas / (0x685e7875d31c627c0855a1ae7c516d437586290333bee3eccf95f0037594eb23) in 0.002s. Peers: 5","throwable":""}
{"timestamp":"2025-05-28T19:00:54,020","container":"dc9ee38e6d47","level":"INFO","thread":"EthScheduler-Workers-0","class":"PersistBlockTask","message":"Imported #216 / 0 tx / 0 om / 0 (0.0%) gas / (0xbe7c928248b224c367ca379571a93342edac62076343773d1490c860e7b1f6ae) in 0.002s. Peers: 5","throwable":""}
{"timestamp":"2025-05-28T19:01:02,020","container":"dc9ee38e6d47","level":"INFO","thread":"EthScheduler-Workers-0","class":"PersistBlockTask","message":"Imported #217 / 0 tx / 0 om / 0 (0.0%) gas / (0x56f6be487b500974482509f860226d94fa6f132b18d12bbe591ac2a6e081bbf9) in 0.003s. Peers: 5","throwable":""}
{"timestamp":"2025-05-28T19:01:10,018","container":"dc9ee38e6d47","level":"INFO","thread":"EthScheduler-Workers-0","class":"PersistBlockTask","message":"Imported #218 / 0 tx / 0 om / 0 (0.0%) gas / (0x98a397ca20779be89e1b91ce729bdb4a0edbe8c614db2784580e0a5b6d69a9c4) in 0.002s. Peers: 5","throwable":""}
{"timestamp":"2025-05-28T19:01:18,030","container":"dc9ee38e6d47","level":"INFO","thread":"EthScheduler-Workers-0","class":"PersistBlockTask","message":"Imported #219 / 0 tx / 0 om / 0 (0.0%) gas / (0x399efc77b7b6d8ad99e0c125c03590d850a9b9e4151b7cd9403b2c58be7abb79) in 0.004s. Peers: 5","throwable":""}
{"timestamp":"2025-05-28T19:01:26,021","container":"dc9ee38e6d47","level":"INFO","thread":"EthScheduler-Workers-0","class":"PersistBlockTask","message":"Imported #220 / 0 tx / 0 om / 0 (0.0%) gas / (0xe0802f8cff765567d119db82bfcf36e4770e27a3996f77710f3a7cc0bb7d552c) in 0.003s. Peers: 5","throwable":""}
{"timestamp":"2025-05-28T19:01:34,017","container":"dc9ee38e6d47","level":"INFO","thread":"EthScheduler-Workers-0","class":"PersistBlockTask","message":"Imported #221 / 0 tx / 0 om / 0 (0.0%) gas / (0x3a99381151acf3a93a14c7eb545e5ec3e2595f97096550997dbfd849c00f0bb4) in 0.003s. Peers: 5","throwable":""}
{"timestamp":"2025-05-28T19:01:42,019","container":"dc9ee38e6d47","level":"INFO","thread":"EthScheduler-Workers-0","class":"PersistBlockTask","message":"Imported #222 / 0 tx / 0 om / 0 (0.0%) gas / (0x8231bdddc7d599e6d124b0270129c322366763613f3421835ee8d6544b269a5b) in 0.003s. Peers: 5","throwable":""}
{"timestamp":"2025-05-28T19:01:50,032","container":"dc9ee38e6d47","level":"INFO","thread":"EthScheduler-Workers-0","class":"PersistBlockTask","message":"Imported #223 / 0 tx / 0 om / 0 (0.0%) gas / (0xb457d18d15dda975a4088e5123154f2c65989d3a2ccd5cf98cf68948ea43fa16) in 0.009s. Peers: 5","throwable":""}
{"timestamp":"2025-05-28T19:01:58,034","container":"dc9ee38e6d47","level":"INFO","thread":"EthScheduler-Workers-0","class":"PersistBlockTask","message":"Imported #224 / 0 tx / 0 om / 0 (0.0%) gas / (0x207be637c9663630b934d7822740e9771bffbbba0040b5834d9220e5ee162b14) in 0.003s. Peers: 5","throwable":""}
{"timestamp":"2025-05-28T19:02:06,026","container":"dc9ee38e6d47","level":"INFO","thread":"EthScheduler-Workers-0","class":"PersistBlockTask","message":"Imported #225 / 0 tx / 0 om / 0 (0.0%) gas / (0x1942dd68c0cecbe9d7c05088829b317b93b1f8d727c57b84500688c2a7b770ab) in 0.002s. Peers: 5","throwable":""}
{"timestamp":"2025-05-28T19:02:14,050","container":"dc9ee38e6d47","level":"INFO","thread":"EthScheduler-Workers-0","class":"PersistBlockTask","message":"Imported #226 / 0 tx / 0 om / 0 (0.0%) gas / (0x4d88d7e25a696dee373e8c87752a9e38c0f60c56a0e9ce468341711e37f90e98) in 0.006s. Peers: 5","throwable":""}
{"timestamp":"2025-05-28T19:02:22,033","container":"dc9ee38e6d47","level":"INFO","thread":"EthScheduler-Workers-0","class":"PersistBlockTask","message":"Imported #227 / 0 tx / 0 om / 0 (0.0%) gas / (0x48e1d1a0151c08d5c2436ebb70998e98a5d5108fe7bbb2a69adf1f829b7af438) in 0.002s. Peers: 5","throwable":""}
{"timestamp":"2025-05-28T19:02:30,018","container":"dc9ee38e6d47","level":"INFO","thread":"EthScheduler-Workers-0","class":"PersistBlockTask","message":"Imported #228 / 0 tx / 0 om / 0 (0.0%) gas / (0x3d9393705e7a415911f5d7d93d0c3a6e8229a5b195002ecfb68e000d893558ce) in 0.002s. Peers: 5","throwable":""}
{"timestamp":"2025-05-28T19:02:35,523","container":"dc9ee38e6d47","level":"INFO","thread":"BftProcessorExecutor-QBFT-0","class":"BftProcessor","message":"Shutting down BFT event processor","throwable":""}
{"timestamp":"2025-05-28T19:02:35,564","container":"dc9ee38e6d47","level":"INFO","thread":"BesuCommand-Shutdown-Hook","class":"DefaultSynchronizer","message":"Stopping synchronizer","throwable":""}
{"timestamp":"2025-05-28T19:02:35,589","container":"dc9ee38e6d47","level":"INFO","thread":"BesuCommand-Shutdown-Hook","class":"NetworkRunner","message":"Stopping Network.","throwable":""}
{"timestamp":"2025-05-28T19:02:35,736","container":"dc9ee38e6d47","level":"INFO","thread":"BesuCommand-Shutdown-Hook","class":"EthProtocolManager","message":"Stopping eth Subprotocol.","throwable":""}
{"timestamp":"2025-05-28T19:02:35,767","container":"dc9ee38e6d47","level":"INFO","thread":"BesuCommand-Shutdown-Hook","class":"EthProtocolManager","message":"eth Subprotocol stopped.","throwable":""}
{"timestamp":"2025-05-28T19:02:35,767","container":"dc9ee38e6d47","level":"INFO","thread":"BesuCommand-Shutdown-Hook","class":"NetworkRunner","message":"Network stopped.","throwable":""}
{"timestamp":"2025-05-28T19:02:35,772","container":"dc9ee38e6d47","level":"INFO","thread":"BesuCommand-Shutdown-Hook","class":"AutoTransactionLogBloomCachingService","message":"Shutting down Auto transaction logs caching service.","throwable":""}
{"timestamp":"2025-05-28T19:02:35,779","container":"dc9ee38e6d47","level":"INFO","thread":"BesuCommand-Shutdown-Hook","class":"DockerNatManager","message":"Stopping docker NAT manager.","throwable":""}
