{"timestamp":"2025-05-22T14:01:39,341","container":"450b2742ec55","level":"INFO","thread":"main","class":"Besu","message":"Starting Besu","throwable":""}
{"timestamp":"2025-05-22T14:01:41,690","container":"450b2742ec55","level":"WARN","thread":"main","class":"Besu","message":"--min-gas-price has been ignored because --miner-enabled was not defined on the command line.","throwable":""}
{"timestamp":"2025-05-22T14:01:44,483","container":"450b2742ec55","level":"INFO","thread":"main","class":"Besu","message":"
####################################################################################################
#                                                                                                  #
# Besu version 23.4.1                                                                              #
#                                                                                                  #
# Configuration:                                                                                   #
# Network: Custom genesis file specified                                                           #
# Network Id: 1337                                                                                 #
# Data storage: Forest                                                                             #
# Sync mode: Full                                                                                  #
# RPC HTTP APIs: EEA,WEB3,ETH,NET,TRACE,DEBUG,ADMIN,TXPOOL,PRIV,PERM,QBFT                          #
# RPC HTTP port: 8545                                                                              #
#                                                                                                  #
# Host:                                                                                            #
# Java: openjdk-java-17                                                                            #
# Maximum heap size: 1.92 GB                                                                       #
# OS: linux-x86_64                                                                                 #
# glibc: 2.35                                                                                      #
# jemalloc: 5.2.1-0-gea6b3e973b477b8061e0076bb257dbd7f3faa756                                      #
# Total memory: 7.68 GB                                                                            #
# CPU cores: 8                                                                                     #
#                                                                                                  #
####################################################################################################","throwable":""}
{"timestamp":"2025-05-22T14:01:44,484","container":"450b2742ec55","level":"INFO","thread":"main","class":"Besu","message":"Connecting to 8 static nodes.","throwable":""}
{"timestamp":"2025-05-22T14:01:44,492","container":"450b2742ec55","level":"INFO","thread":"main","class":"Besu","message":"Security Module: localfile","throwable":""}
{"timestamp":"2025-05-22T14:01:44,887","container":"450b2742ec55","level":"INFO","thread":"main","class":"Besu","message":"Using the native implementation of alt bn128","throwable":""}
{"timestamp":"2025-05-22T14:01:45,025","container":"450b2742ec55","level":"INFO","thread":"main","class":"Besu","message":"Using the native implementation of modexp","throwable":""}
{"timestamp":"2025-05-22T14:01:45,052","container":"450b2742ec55","level":"INFO","thread":"main","class":"Besu","message":"Using the native implementation of the signature algorithm","throwable":""}
{"timestamp":"2025-05-22T14:01:45,061","container":"450b2742ec55","level":"INFO","thread":"main","class":"Besu","message":"Using the native implementation of the blake2bf algorithm","throwable":""}
{"timestamp":"2025-05-22T14:01:45,220","container":"450b2742ec55","level":"INFO","thread":"main","class":"RocksDBKeyValueStorageFactory","message":"No existing database detected at /opt/besu/data. Using version 1","throwable":""}
{"timestamp":"2025-05-22T14:01:49,336","container":"450b2742ec55","level":"INFO","thread":"main","class":"KeyPairUtil","message":"Loaded public key 0x2fd5b5b6ad529f55b71602026d1849d0036f06482368b5812fa793014195d3571b0840dbc4175617de2a12db8f1222c012420d471ae5c0d982118625cae58868 from /opt/besu/keys/nodekey","throwable":""}
{"timestamp":"2025-05-22T14:01:49,360","container":"450b2742ec55","level":"WARN","thread":"main","class":"Besu","message":"Privacy is disabled. Cannot use EEA/PRIV API methods when not using Privacy.","throwable":""}
{"timestamp":"2025-05-22T14:01:50,189","container":"450b2742ec55","level":"INFO","thread":"main","class":"ProtocolScheduleBuilder","message":"Protocol schedule created with milestones: [GrayGlacier: 0]","throwable":""}
{"timestamp":"2025-05-22T14:01:51,070","container":"450b2742ec55","level":"INFO","thread":"main","class":"TransactionPoolFactory","message":"Enabling transaction pool","throwable":""}
{"timestamp":"2025-05-22T14:01:51,203","container":"450b2742ec55","level":"INFO","thread":"main","class":"BesuControllerBuilder","message":"TTD difficulty is not present, creating initial sync phase for PoW","throwable":""}
{"timestamp":"2025-05-22T14:01:51,441","container":"450b2742ec55","level":"INFO","thread":"main","class":"RunnerBuilder","message":"Detecting NAT service.","throwable":""}
{"timestamp":"2025-05-22T14:01:54,867","container":"450b2742ec55","level":"INFO","thread":"main","class":"Runner","message":"Starting external services ... ","throwable":""}
{"timestamp":"2025-05-22T14:01:54,876","container":"450b2742ec55","level":"INFO","thread":"main","class":"MetricsHttpService","message":"Starting metrics http service on 0.0.0.0:9545","throwable":""}
{"timestamp":"2025-05-22T14:01:55,237","container":"450b2742ec55","level":"INFO","thread":"main","class":"JsonRpcHttpService","message":"Starting JSON-RPC service on 0.0.0.0:8545","throwable":""}
{"timestamp":"2025-05-22T14:01:55,239","container":"450b2742ec55","level":"INFO","thread":"vert.x-eventloop-thread-1","class":"MetricsHttpService","message":"Metrics service started and listening on 0.0.0.0:9545","throwable":""}
{"timestamp":"2025-05-22T14:01:55,265","container":"450b2742ec55","level":"INFO","thread":"vert.x-eventloop-thread-1","class":"JsonRpcHttpService","message":"JSON-RPC service started and listening on 0.0.0.0:8545","throwable":""}
{"timestamp":"2025-05-22T14:01:55,269","container":"450b2742ec55","level":"INFO","thread":"main","class":"GraphQLHttpService","message":"Starting GraphQL HTTP service on 0.0.0.0:8547","throwable":""}
{"timestamp":"2025-05-22T14:01:55,275","container":"450b2742ec55","level":"INFO","thread":"vert.x-eventloop-thread-1","class":"GraphQLHttpService","message":"GraphQL HTTP service started and listening on 0.0.0.0:8547","throwable":""}
{"timestamp":"2025-05-22T14:01:55,276","container":"450b2742ec55","level":"INFO","thread":"main","class":"WebSocketService","message":"Starting Websocket service on 0.0.0.0:8546","throwable":""}
{"timestamp":"2025-05-22T14:01:55,284","container":"450b2742ec55","level":"INFO","thread":"vert.x-eventloop-thread-1","class":"WebSocketService","message":"Websocket service started and listening on 0.0.0.0:8546","throwable":""}
{"timestamp":"2025-05-22T14:01:55,289","container":"450b2742ec55","level":"INFO","thread":"main","class":"AutoTransactionLogBloomCachingService","message":"Starting auto transaction log bloom caching service.","throwable":""}
{"timestamp":"2025-05-22T14:01:55,295","container":"450b2742ec55","level":"INFO","thread":"main","class":"LogBloomCacheMetadata","message":"Lookup cache metadata file in data directory: /opt/besu/data/caches","throwable":""}
{"timestamp":"2025-05-22T14:01:55,323","container":"450b2742ec55","level":"INFO","thread":"main","class":"Runner","message":"Starting Ethereum main loop ... ","throwable":""}
{"timestamp":"2025-05-22T14:01:55,324","container":"450b2742ec55","level":"INFO","thread":"main","class":"DockerNatManager","message":"Starting docker NAT manager.","throwable":""}
{"timestamp":"2025-05-22T14:02:05,363","container":"450b2742ec55","level":"INFO","thread":"main","class":"NetworkRunner","message":"Starting Network.","throwable":""}
{"timestamp":"2025-05-22T14:02:05,416","container":"450b2742ec55","level":"INFO","thread":"nioEventLoopGroup-2-1","class":"RlpxAgent","message":"P2P RLPx agent started and listening on /[0:0:0:0:0:0:0:0]:30303.","throwable":""}
{"timestamp":"2025-05-22T14:02:05,427","container":"450b2742ec55","level":"INFO","thread":"main","class":"PeerDiscoveryAgent","message":"Starting peer discovery agent on host=0.0.0.0, port=30303","throwable":""}
{"timestamp":"2025-05-22T14:02:05,560","container":"450b2742ec55","level":"INFO","thread":"vert.x-eventloop-thread-1","class":"VertxPeerDiscoveryAgent","message":"Started peer discovery agent successfully, on effective host=0:0:0:0:0:0:0:0%0 and port=30303","throwable":""}
{"timestamp":"2025-05-22T14:02:05,566","container":"450b2742ec55","level":"INFO","thread":"vert.x-eventloop-thread-1","class":"PeerDiscoveryAgent","message":"P2P peer discovery agent started and listening on /[0:0:0:0:0:0:0:0%0]:30303","throwable":""}
{"timestamp":"2025-05-22T14:02:05,708","container":"450b2742ec55","level":"INFO","thread":"vert.x-eventloop-thread-1","class":"PeerDiscoveryAgent","message":"Writing node record to disk. NodeRecord{seq=1, publicKey=0x022fd5b5b6ad529f55b71602026d1849d0036f06482368b5812fa793014195d357, udpAddress=Optional[/172.16.239.14:30303], tcpAddress=Optional[/172.16.239.14:30303], asBase64=-Je4QFrecNnZMlG6bddbcDOxI1degTF4-ukXaEu3BjJFsaoGfLxf5bpKxXvf1ZHNHogDWdU_wzPFqKEJfWZ8I9SPJ2gBg2V0aMfGhGpSrW2AgmlkgnY0gmlwhKwQ7w6Jc2VjcDI1NmsxoQIv1bW2rVKfVbcWAgJtGEnQA28GSCNotYEvp5MBQZXTV4N0Y3CCdl-DdWRwgnZf, nodeId=0xc8f776c1d83d4fddd02782c698c1334496614aed49d2e81526d089f7264fed9c, customFields={tcp=30303, udp=30303, ip=0xac10ef0e, eth=[[0x6a52ad6d, 0x]], id=V4, secp256k1=0x022fd5b5b6ad529f55b71602026d1849d0036f06482368b5812fa793014195d357}}","throwable":""}
{"timestamp":"2025-05-22T14:02:05,927","container":"450b2742ec55","level":"INFO","thread":"main","class":"DefaultP2PNetwork","message":"Enode URL enode://2fd5b5b6ad529f55b71602026d1849d0036f06482368b5812fa793014195d3571b0840dbc4175617de2a12db8f1222c012420d471ae5c0d982118625cae58868@172.16.239.14:30303","throwable":""}
{"timestamp":"2025-05-22T14:02:05,928","container":"450b2742ec55","level":"INFO","thread":"main","class":"DefaultP2PNetwork","message":"Node address 0x98c1334496614aed49d2e81526d089f7264fed9c","throwable":""}
{"timestamp":"2025-05-22T14:02:06,163","container":"450b2742ec55","level":"INFO","thread":"main","class":"NetworkRunner","message":"Supported capabilities: [eth/62, eth/63, eth/64, eth/65, eth/66, eth/67, eth/68], [istanbul/100], [snap/1]","throwable":""}
{"timestamp":"2025-05-22T14:02:06,166","container":"450b2742ec55","level":"INFO","thread":"main","class":"DefaultSynchronizer","message":"Starting synchronizer.","throwable":""}
{"timestamp":"2025-05-22T14:02:06,170","container":"450b2742ec55","level":"INFO","thread":"main","class":"TransactionPoolFactory","message":"Enabling transaction handling following initial sync","throwable":""}
{"timestamp":"2025-05-22T14:02:06,180","container":"450b2742ec55","level":"INFO","thread":"main","class":"FullSyncDownloader","message":"Starting full sync.","throwable":""}
{"timestamp":"2025-05-22T14:02:06,183","container":"450b2742ec55","level":"INFO","thread":"main","class":"FullSyncTargetManager","message":"Unable to find sync target. Currently checking 0 peers for usefulness","throwable":""}
{"timestamp":"2025-05-22T14:02:06,288","container":"450b2742ec55","level":"INFO","thread":"main","class":"Runner","message":"Ethereum main loop is up.","throwable":""}
{"timestamp":"2025-05-22T14:02:07,371","container":"450b2742ec55","level":"INFO","thread":"nioEventLoopGroup-3-4","class":"FullSyncTargetManager","message":"Unable to find sync target. Currently checking 4 peers for usefulness","throwable":""}
{"timestamp":"2025-05-22T14:02:07,456","container":"450b2742ec55","level":"INFO","thread":"nioEventLoopGroup-3-2","class":"FullSyncTargetManager","message":"Unable to find sync target. Currently checking 5 peers for usefulness","throwable":""}
{"timestamp":"2025-05-22T14:02:12,460","container":"450b2742ec55","level":"INFO","thread":"EthScheduler-Timer-0","class":"FullSyncTargetManager","message":"Unable to find sync target. Currently checking 5 peers for usefulness","throwable":""}
{"timestamp":"2025-05-22T14:02:16,977","container":"450b2742ec55","level":"INFO","thread":"BftProcessorExecutor-QBFT-0","class":"QbftRound","message":"Importing proposed block to chain. round=ConsensusRoundIdentifier{Sequence=1, Round=1}, hash=0xe532c2e5795ea057415b434fa7cbc2bbc0d0e6439fd64b8aaf1b3a70c4424d99","throwable":""}
{"timestamp":"2025-05-22T14:02:17,048","container":"450b2742ec55","level":"INFO","thread":"BftProcessorExecutor-QBFT-0","class":"QbftBesuControllerBuilder","message":"Imported #1 / 1 tx / 0 pending / 2,000,000 (0.0%) gas / (0xe532c2e5795ea057415b434fa7cbc2bbc0d0e6439fd64b8aaf1b3a70c4424d99)","throwable":""}
{"timestamp":"2025-05-22T14:02:17,461","container":"450b2742ec55","level":"INFO","thread":"EthScheduler-Timer-0","class":"FullSyncTargetManager","message":"Unable to find sync target. Currently checking 5 peers for usefulness","throwable":""}
{"timestamp":"2025-05-22T14:02:22,462","container":"450b2742ec55","level":"INFO","thread":"EthScheduler-Timer-0","class":"FullSyncTargetManager","message":"Unable to find sync target. Currently checking 5 peers for usefulness","throwable":""}
{"timestamp":"2025-05-22T14:02:24,094","container":"450b2742ec55","level":"INFO","thread":"BftProcessorExecutor-QBFT-0","class":"QbftBesuControllerBuilder","message":"Produced #2 / 1 tx / 0 pending / 21,876 (0.0%) gas / (0x87605ab129c1bb924d7c8792838829a05a89e4a7e557a4e7b3809179fb1c8e01)","throwable":""}
{"timestamp":"2025-05-22T14:02:32,099","container":"450b2742ec55","level":"INFO","thread":"BftProcessorExecutor-QBFT-0","class":"QbftBesuControllerBuilder","message":"Imported #3 / 0 tx / 0 pending / 0 (0.0%) gas / (0x35358860c111b720c0a02407f93e9255407d3c6fa5082462fec6ea8b41caaef9)","throwable":""}
{"timestamp":"2025-05-22T14:02:40,049","container":"450b2742ec55","level":"INFO","thread":"BftProcessorExecutor-QBFT-0","class":"QbftBesuControllerBuilder","message":"Imported #4 / 0 tx / 0 pending / 0 (0.0%) gas / (0x7d622821cdef3d5eb8f1d118cbd247ca11ba943eacb2fac2a1bddd5e44d573f6)","throwable":""}
{"timestamp":"2025-05-22T14:02:48,049","container":"450b2742ec55","level":"INFO","thread":"BftProcessorExecutor-QBFT-0","class":"QbftBesuControllerBuilder","message":"Imported #5 / 0 tx / 0 pending / 0 (0.0%) gas / (0x9ce7f4439a4ff35764adf1015a5af61c26b5233b93c4fab0e3e479b93815fb5a)","throwable":""}
{"timestamp":"2025-05-22T14:02:56,165","container":"450b2742ec55","level":"INFO","thread":"BftProcessorExecutor-QBFT-0","class":"QbftBesuControllerBuilder","message":"Produced #6 / 0 tx / 0 pending / 0 (0.0%) gas / (0x1bf2ac08e6e6a01075afacb5427255160be531eb03461dcec5398cb528464e2a)","throwable":""}
{"timestamp":"2025-05-22T14:02:56,176","container":"450b2742ec55","level":"INFO","thread":"EthScheduler-Workers-0","class":"PersistBlockTask","message":"Block 6 (0x1bf2ac08e6e6a01075afacb5427255160be531eb03461dcec5398cb528464e2a) is already imported","throwable":""}
{"timestamp":"2025-05-22T14:03:04,054","container":"450b2742ec55","level":"INFO","thread":"BftProcessorExecutor-QBFT-0","class":"QbftBesuControllerBuilder","message":"Imported #7 / 0 tx / 0 pending / 0 (0.0%) gas / (0xec38e09924f8e499b520bd5206fafdb624e645c11b0c094c9375ff59ba3a834b)","throwable":""}
{"timestamp":"2025-05-22T14:03:12,066","container":"450b2742ec55","level":"INFO","thread":"BftProcessorExecutor-QBFT-0","class":"QbftBesuControllerBuilder","message":"Imported #8 / 0 tx / 0 pending / 0 (0.0%) gas / (0xec2247521e066be3eb01b9fc12239e1f80cd21b171a97c67cde4009ee088c708)","throwable":""}
{"timestamp":"2025-05-22T14:03:20,080","container":"450b2742ec55","level":"INFO","thread":"BftProcessorExecutor-QBFT-0","class":"QbftBesuControllerBuilder","message":"Imported #9 / 0 tx / 0 pending / 0 (0.0%) gas / (0x924e70548d36893a25f71d5c4381a3dfb81780f8f8bb01fee1fc9f5a5cacee3a)","throwable":""}
{"timestamp":"2025-05-22T14:03:28,055","container":"450b2742ec55","level":"INFO","thread":"BftProcessorExecutor-QBFT-0","class":"QbftBesuControllerBuilder","message":"Produced #10 / 0 tx / 0 pending / 0 (0.0%) gas / (0x87b3199294bf14001a1af900840c1834e6b986c5f376a00eea5fa77cf85aca30)","throwable":""}
{"timestamp":"2025-05-22T14:03:36,080","container":"450b2742ec55","level":"INFO","thread":"BftProcessorExecutor-QBFT-0","class":"QbftBesuControllerBuilder","message":"Imported #11 / 0 tx / 0 pending / 0 (0.0%) gas / (0x276564470c0bc8e052d59e596c0d32b1d9563f7541d969c6f90914271fd512af)","throwable":""}
{"timestamp":"2025-05-22T14:03:44,083","container":"450b2742ec55","level":"INFO","thread":"EthScheduler-Workers-0","class":"PersistBlockTask","message":"Block 12 (0x035e4330df6de99eee5084c8931bee54c255b70addb6f6953f54f98bb2f366c3) is already imported","throwable":""}
{"timestamp":"2025-05-22T14:03:44,091","container":"450b2742ec55","level":"INFO","thread":"BftProcessorExecutor-QBFT-0","class":"QbftBesuControllerBuilder","message":"Imported #12 / 0 tx / 0 pending / 0 (0.0%) gas / (0x035e4330df6de99eee5084c8931bee54c255b70addb6f6953f54f98bb2f366c3)","throwable":""}
{"timestamp":"2025-05-22T14:03:52,066","container":"450b2742ec55","level":"INFO","thread":"EthScheduler-Workers-0","class":"PersistBlockTask","message":"Block 13 (0x11adae0e1f7d64999029e06429c7ddbbb23e77b93ee0675a21be6e5cd7deb4c0) is already imported","throwable":""}
{"timestamp":"2025-05-22T14:03:52,071","container":"450b2742ec55","level":"INFO","thread":"BftProcessorExecutor-QBFT-0","class":"QbftBesuControllerBuilder","message":"Imported #13 / 0 tx / 0 pending / 0 (0.0%) gas / (0x11adae0e1f7d64999029e06429c7ddbbb23e77b93ee0675a21be6e5cd7deb4c0)","throwable":""}
{"timestamp":"2025-05-22T14:04:00,058","container":"450b2742ec55","level":"INFO","thread":"EthScheduler-Workers-0","class":"PersistBlockTask","message":"Block 14 (0x8bb304a3c7972cb6f2508fa5bbc8f08bdb479d9cb028d35316cc485946847445) is already imported","throwable":""}
{"timestamp":"2025-05-22T14:04:00,062","container":"450b2742ec55","level":"INFO","thread":"BftProcessorExecutor-QBFT-0","class":"QbftBesuControllerBuilder","message":"Produced #14 / 0 tx / 0 pending / 0 (0.0%) gas / (0x8bb304a3c7972cb6f2508fa5bbc8f08bdb479d9cb028d35316cc485946847445)","throwable":""}
{"timestamp":"2025-05-22T14:04:08,057","container":"450b2742ec55","level":"INFO","thread":"BftProcessorExecutor-QBFT-0","class":"QbftBesuControllerBuilder","message":"Imported #15 / 0 tx / 0 pending / 0 (0.0%) gas / (0x355fecaaefc1abad8795a0588997f33bfc32c1543a3f224b068c758e9dd5cd71)","throwable":""}
{"timestamp":"2025-05-22T14:04:16,034","container":"450b2742ec55","level":"INFO","thread":"BftProcessorExecutor-QBFT-0","class":"QbftBesuControllerBuilder","message":"Imported #16 / 0 tx / 0 pending / 0 (0.0%) gas / (0xecd51cf518e610baa33b10f01807f397f281a547a46e5a4fb26e2a5b7d0797f0)","throwable":""}
{"timestamp":"2025-05-22T14:04:24,064","container":"450b2742ec55","level":"INFO","thread":"EthScheduler-Workers-0","class":"PersistBlockTask","message":"Block 17 (0x3e27d238d9846bf94d5d3fefad622e4f0cf2cce1b7bb5b2d3e2eb0b72ed4f584) is already imported","throwable":""}
{"timestamp":"2025-05-22T14:04:24,068","container":"450b2742ec55","level":"INFO","thread":"BftProcessorExecutor-QBFT-0","class":"QbftBesuControllerBuilder","message":"Imported #17 / 0 tx / 0 pending / 0 (0.0%) gas / (0x3e27d238d9846bf94d5d3fefad622e4f0cf2cce1b7bb5b2d3e2eb0b72ed4f584)","throwable":""}
{"timestamp":"2025-05-22T14:04:32,056","container":"450b2742ec55","level":"INFO","thread":"BftProcessorExecutor-QBFT-0","class":"QbftBesuControllerBuilder","message":"Produced #18 / 1 tx / 0 pending / 2,000,000 (0.0%) gas / (0xe4586da15236e37be5c2d31d62337b23bf3f048ed0f5a1cb89d1e51a72fe6f57)","throwable":""}
{"timestamp":"2025-05-22T14:04:32,062","container":"450b2742ec55","level":"INFO","thread":"EthScheduler-Workers-0","class":"PersistBlockTask","message":"Block 18 (0xe4586da15236e37be5c2d31d62337b23bf3f048ed0f5a1cb89d1e51a72fe6f57) is already imported","throwable":""}
{"timestamp":"2025-05-22T14:04:40,040","container":"450b2742ec55","level":"INFO","thread":"BftProcessorExecutor-QBFT-0","class":"QbftBesuControllerBuilder","message":"Imported #19 / 1 tx / 0 pending / 21,876 (0.0%) gas / (0xeb0ece98af834c9ace32b74eaceed5daef55e8ceb82fe3fa11a1c67ed016d841)","throwable":""}
{"timestamp":"2025-05-22T14:04:48,026","container":"450b2742ec55","level":"INFO","thread":"BftProcessorExecutor-QBFT-0","class":"QbftBesuControllerBuilder","message":"Imported #20 / 0 tx / 0 pending / 0 (0.0%) gas / (0xf240ed06b3756e37433729214f1ec1af11a9fe15e1db0d592d28a73a919fe1bd)","throwable":""}
{"timestamp":"2025-05-22T14:04:56,061","container":"450b2742ec55","level":"INFO","thread":"BftProcessorExecutor-QBFT-0","class":"QbftBesuControllerBuilder","message":"Imported #21 / 0 tx / 0 pending / 0 (0.0%) gas / (0x2540bdfb22b29bd60feccac7fa4572753907b25fe90856583f4e3ae8235ac188)","throwable":""}
{"timestamp":"2025-05-22T14:05:04,043","container":"450b2742ec55","level":"INFO","thread":"BftProcessorExecutor-QBFT-0","class":"QbftBesuControllerBuilder","message":"Produced #22 / 0 tx / 0 pending / 0 (0.0%) gas / (0xe746daffe8a00c93d46ed5aa2e57aeb79c059b33839d1671b53f212ce76ffada)","throwable":""}
{"timestamp":"2025-05-22T14:05:12,040","container":"450b2742ec55","level":"INFO","thread":"BftProcessorExecutor-QBFT-0","class":"QbftBesuControllerBuilder","message":"Imported #23 / 0 tx / 0 pending / 0 (0.0%) gas / (0xaab072e90a73dc1f99992bfdc04659186f65856b83a34fda9dc9a6d079557f54)","throwable":""}
{"timestamp":"2025-05-22T14:05:20,028","container":"450b2742ec55","level":"INFO","thread":"BftProcessorExecutor-QBFT-0","class":"QbftBesuControllerBuilder","message":"Imported #24 / 0 tx / 0 pending / 0 (0.0%) gas / (0xa590280cf9cd79dd010347277bfeee503d2b6d31a0359c98d097dbc466b0365f)","throwable":""}
{"timestamp":"2025-05-22T14:05:28,037","container":"450b2742ec55","level":"INFO","thread":"BftProcessorExecutor-QBFT-0","class":"QbftBesuControllerBuilder","message":"Imported #25 / 0 tx / 0 pending / 0 (0.0%) gas / (0x29d84b0a8ab5ac7669f74ff7daf6856f25e7e96b322c6b0ee59a772aad8a8b49)","throwable":""}
{"timestamp":"2025-05-22T14:05:36,023","container":"450b2742ec55","level":"INFO","thread":"BftProcessorExecutor-QBFT-0","class":"QbftBesuControllerBuilder","message":"Produced #26 / 0 tx / 0 pending / 0 (0.0%) gas / (0x6551069bdf88e217dcc394cdaf242e523130f40ede0215534c6b4462f6d4c9ee)","throwable":""}
{"timestamp":"2025-05-22T14:05:44,024","container":"450b2742ec55","level":"INFO","thread":"BftProcessorExecutor-QBFT-0","class":"QbftBesuControllerBuilder","message":"Imported #27 / 0 tx / 0 pending / 0 (0.0%) gas / (0x6f578a0215208ddf15ff90813ec19fa33d34c47488d39aa499fb7d613d97f255)","throwable":""}
{"timestamp":"2025-05-22T14:05:52,032","container":"450b2742ec55","level":"INFO","thread":"BftProcessorExecutor-QBFT-0","class":"QbftBesuControllerBuilder","message":"Imported #28 / 0 tx / 0 pending / 0 (0.0%) gas / (0x8692ba047272a1827f45797625f7656f118d33bfab48448650825e318cb27dac)","throwable":""}
{"timestamp":"2025-05-22T14:06:00,047","container":"450b2742ec55","level":"INFO","thread":"EthScheduler-Workers-0","class":"PersistBlockTask","message":"Imported #29 / 0 tx / 0 om / 0 (0.0%) gas / (0x2c95f7f6ee0e34ee0c30830b840ba71e8418bd70c337cfe1f81c3f3798483ee6) in 0.003s. Peers: 5","throwable":""}
{"timestamp":"2025-05-22T14:06:08,042","container":"450b2742ec55","level":"INFO","thread":"BftProcessorExecutor-QBFT-0","class":"QbftBesuControllerBuilder","message":"Produced #30 / 0 tx / 0 pending / 0 (0.0%) gas / (0xf4aa76d59f146ad452bb6f273477df070fdb7752b3ed4c9a25e0c5cd9622518f)","throwable":""}
{"timestamp":"2025-05-22T14:06:16,032","container":"450b2742ec55","level":"INFO","thread":"EthScheduler-Workers-0","class":"PersistBlockTask","message":"Imported #31 / 0 tx / 0 om / 0 (0.0%) gas / (0x476c056c0c6a5e7705da4ff585d4b6f0d7349f238f18873af7af3376e9d5cf2e) in 0.008s. Peers: 5","throwable":""}
{"timestamp":"2025-05-22T14:06:16,039","container":"450b2742ec55","level":"INFO","thread":"BftProcessorExecutor-QBFT-0","class":"QbftBesuControllerBuilder","message":"Imported #31 / 0 tx / 0 pending / 0 (0.0%) gas / (0x476c056c0c6a5e7705da4ff585d4b6f0d7349f238f18873af7af3376e9d5cf2e)","throwable":""}
{"timestamp":"2025-05-22T14:06:24,122","container":"450b2742ec55","level":"INFO","thread":"BftProcessorExecutor-QBFT-0","class":"QbftBesuControllerBuilder","message":"Imported #32 / 0 tx / 0 pending / 0 (0.0%) gas / (0xc3bfaca414830fe1d5b166f40e7c8d0927a9e64552175bb1e87eaff68cc126a3)","throwable":""}
{"timestamp":"2025-05-22T14:06:24,141","container":"450b2742ec55","level":"INFO","thread":"EthScheduler-Workers-0","class":"PersistBlockTask","message":"Block 32 (0xc3bfaca414830fe1d5b166f40e7c8d0927a9e64552175bb1e87eaff68cc126a3) is already imported","throwable":""}
{"timestamp":"2025-05-22T14:06:32,074","container":"450b2742ec55","level":"INFO","thread":"EthScheduler-Workers-0","class":"PersistBlockTask","message":"Block 33 (0x8e178526ceda04010044dd0917ea23fd8df33ac509bce971ac09c72e7fa044ae) is already imported","throwable":""}
{"timestamp":"2025-05-22T14:06:32,077","container":"450b2742ec55","level":"INFO","thread":"BftProcessorExecutor-QBFT-0","class":"QbftBesuControllerBuilder","message":"Imported #33 / 0 tx / 0 pending / 0 (0.0%) gas / (0x8e178526ceda04010044dd0917ea23fd8df33ac509bce971ac09c72e7fa044ae)","throwable":""}
{"timestamp":"2025-05-22T14:06:40,020","container":"450b2742ec55","level":"INFO","thread":"BftProcessorExecutor-QBFT-0","class":"QbftBesuControllerBuilder","message":"Produced #34 / 0 tx / 0 pending / 0 (0.0%) gas / (0x68f2163e3ad64bf65288dce62ccc7be605db3f36521f518e885bd4e198ab49a4)","throwable":""}
{"timestamp":"2025-05-22T14:06:48,068","container":"450b2742ec55","level":"INFO","thread":"BftProcessorExecutor-QBFT-0","class":"QbftBesuControllerBuilder","message":"Imported #35 / 0 tx / 0 pending / 0 (0.0%) gas / (0xf3e054413833a05ea34fda7cc77714f4cc67c235c8c5b96f72c063cd4a0af492)","throwable":""}
{"timestamp":"2025-05-22T14:06:56,021","container":"450b2742ec55","level":"INFO","thread":"BftProcessorExecutor-QBFT-0","class":"QbftBesuControllerBuilder","message":"Imported #36 / 0 tx / 0 pending / 0 (0.0%) gas / (0x867796014b0f2c684ed7287ca9e127180b3c03fdf5eec3dddb9739f7fef1dc99)","throwable":""}
{"timestamp":"2025-05-22T14:07:04,020","container":"450b2742ec55","level":"INFO","thread":"BftProcessorExecutor-QBFT-0","class":"QbftBesuControllerBuilder","message":"Imported #37 / 0 tx / 0 pending / 0 (0.0%) gas / (0xcfac88ae505434e98a1ddf5d54b469a854a483c5d06ea6e6dc101dc34b12123d)","throwable":""}
{"timestamp":"2025-05-22T14:07:04,023","container":"450b2742ec55","level":"INFO","thread":"EthScheduler-Workers-0","class":"PersistBlockTask","message":"Block 37 (0xcfac88ae505434e98a1ddf5d54b469a854a483c5d06ea6e6dc101dc34b12123d) is already imported","throwable":""}
{"timestamp":"2025-05-22T14:07:12,030","container":"450b2742ec55","level":"INFO","thread":"EthScheduler-Workers-0","class":"PersistBlockTask","message":"Block 38 (0x5f49bc8d6c00261a1982d1ada2710c8918a47cd06b4f112136389bd1ce608992) is already imported","throwable":""}
{"timestamp":"2025-05-22T14:07:12,030","container":"450b2742ec55","level":"INFO","thread":"BftProcessorExecutor-QBFT-0","class":"QbftBesuControllerBuilder","message":"Produced #38 / 0 tx / 0 pending / 0 (0.0%) gas / (0x5f49bc8d6c00261a1982d1ada2710c8918a47cd06b4f112136389bd1ce608992)","throwable":""}
{"timestamp":"2025-05-22T14:07:20,027","container":"450b2742ec55","level":"INFO","thread":"BftProcessorExecutor-QBFT-0","class":"QbftBesuControllerBuilder","message":"Imported #39 / 0 tx / 0 pending / 0 (0.0%) gas / (0x5141bd013c6cd638048ade1f4f2295e87e74dba37cc576d4d9b09778cf876314)","throwable":""}
{"timestamp":"2025-05-22T14:07:28,031","container":"450b2742ec55","level":"INFO","thread":"BftProcessorExecutor-QBFT-0","class":"QbftBesuControllerBuilder","message":"Imported #40 / 0 tx / 0 pending / 0 (0.0%) gas / (0x928237f04aebccab6b15f4284f0ec43eec4407e810012187f206546b0d285736)","throwable":""}
{"timestamp":"2025-05-22T14:07:36,092","container":"450b2742ec55","level":"INFO","thread":"BftProcessorExecutor-QBFT-0","class":"QbftBesuControllerBuilder","message":"Imported #41 / 0 tx / 0 pending / 0 (0.0%) gas / (0x4570c675ce15badad1f6011e40d751cce36abbe64afbbba9d2ce73b3f1ffedae)","throwable":""}
{"timestamp":"2025-05-22T14:07:44,031","container":"450b2742ec55","level":"INFO","thread":"EthScheduler-Workers-0","class":"PersistBlockTask","message":"Block 42 (0x492be2f67b365ecd196ff2d090ff33952253aee0b44e4039e36f47f54bad1efb) is already imported","throwable":""}
{"timestamp":"2025-05-22T14:07:44,033","container":"450b2742ec55","level":"INFO","thread":"BftProcessorExecutor-QBFT-0","class":"QbftBesuControllerBuilder","message":"Produced #42 / 0 tx / 0 pending / 0 (0.0%) gas / (0x492be2f67b365ecd196ff2d090ff33952253aee0b44e4039e36f47f54bad1efb)","throwable":""}
{"timestamp":"2025-05-22T14:07:52,022","container":"450b2742ec55","level":"INFO","thread":"BftProcessorExecutor-QBFT-0","class":"QbftBesuControllerBuilder","message":"Imported #43 / 0 tx / 0 pending / 0 (0.0%) gas / (0x1e5c1e9ab2ac5d13f2f2b01307ac54e9f788c6c8b5b52dfd5a1ea2d1ba023005)","throwable":""}
{"timestamp":"2025-05-22T14:08:00,050","container":"450b2742ec55","level":"INFO","thread":"EthScheduler-Workers-0","class":"PersistBlockTask","message":"Block 44 (0x944d145fd5ef4e6899a780087668c66cbdc9e89d571a4bf3194f5aeb4c48974b) is already imported","throwable":""}
{"timestamp":"2025-05-22T14:08:00,055","container":"450b2742ec55","level":"INFO","thread":"BftProcessorExecutor-QBFT-0","class":"QbftBesuControllerBuilder","message":"Imported #44 / 1 tx / 0 pending / 2,000,000 (0.0%) gas / (0x944d145fd5ef4e6899a780087668c66cbdc9e89d571a4bf3194f5aeb4c48974b)","throwable":""}
{"timestamp":"2025-05-22T14:08:08,033","container":"450b2742ec55","level":"INFO","thread":"BftProcessorExecutor-QBFT-0","class":"QbftBesuControllerBuilder","message":"Imported #45 / 1 tx / 0 pending / 21,876 (0.0%) gas / (0xe7f9880f978b90a0a908e8fdf608418ad373aa4a3f9584bf003586a5a15df9c9)","throwable":""}
{"timestamp":"2025-05-22T14:08:16,019","container":"450b2742ec55","level":"INFO","thread":"BftProcessorExecutor-QBFT-0","class":"QbftBesuControllerBuilder","message":"Produced #46 / 0 tx / 0 pending / 0 (0.0%) gas / (0x5a1645cbf87e635a2b31a778138dfd1e0360c24d09b1c42d5c4e8234a2857999)","throwable":""}
{"timestamp":"2025-05-22T14:08:24,030","container":"450b2742ec55","level":"INFO","thread":"EthScheduler-Workers-0","class":"PersistBlockTask","message":"Block 47 (0xe1d012536c0c9b1f3c67cbbd6a0a26cc1009433c8f4c7d2a0f96f61d089fef0d) is already imported","throwable":""}
{"timestamp":"2025-05-22T14:08:24,032","container":"450b2742ec55","level":"INFO","thread":"BftProcessorExecutor-QBFT-0","class":"QbftBesuControllerBuilder","message":"Imported #47 / 0 tx / 0 pending / 0 (0.0%) gas / (0xe1d012536c0c9b1f3c67cbbd6a0a26cc1009433c8f4c7d2a0f96f61d089fef0d)","throwable":""}
{"timestamp":"2025-05-22T14:08:32,026","container":"450b2742ec55","level":"INFO","thread":"BftProcessorExecutor-QBFT-0","class":"QbftBesuControllerBuilder","message":"Imported #48 / 0 tx / 0 pending / 0 (0.0%) gas / (0x376d12349a1b0f7e7cb9e2b93739efbdd4a2ef29ab8c950e16c96f2090bc03c3)","throwable":""}
{"timestamp":"2025-05-22T14:08:40,025","container":"450b2742ec55","level":"INFO","thread":"BftProcessorExecutor-QBFT-0","class":"QbftBesuControllerBuilder","message":"Imported #49 / 0 tx / 0 pending / 0 (0.0%) gas / (0x1db32ab638b6533853998408587e5000c6782651d665c6491b2e66b09f7785f3)","throwable":""}
{"timestamp":"2025-05-22T14:08:48,027","container":"450b2742ec55","level":"INFO","thread":"BftProcessorExecutor-QBFT-0","class":"QbftBesuControllerBuilder","message":"Produced #50 / 0 tx / 0 pending / 0 (0.0%) gas / (0x4f7f544f4e7d23b9855942de934b7ee5d2f20d557e5d5e79652702b4d3c898e1)","throwable":""}
{"timestamp":"2025-05-22T14:08:56,041","container":"450b2742ec55","level":"INFO","thread":"BftProcessorExecutor-QBFT-0","class":"QbftBesuControllerBuilder","message":"Imported #51 / 0 tx / 0 pending / 0 (0.0%) gas / (0x14abaef0c7070011251cd973022f82d13595d104af3024833e265eb66f14bca1)","throwable":""}
{"timestamp":"2025-05-22T14:09:04,033","container":"450b2742ec55","level":"INFO","thread":"EthScheduler-Workers-0","class":"PersistBlockTask","message":"Imported #52 / 0 tx / 0 om / 0 (0.0%) gas / (0xb06a3505f7182972eeeca562b647d0b6958bb202f098755ac00aa36361eeec9d) in 0.005s. Peers: 5","throwable":""}
{"timestamp":"2025-05-22T14:09:12,024","container":"450b2742ec55","level":"INFO","thread":"BftProcessorExecutor-QBFT-0","class":"QbftBesuControllerBuilder","message":"Imported #53 / 0 tx / 0 pending / 0 (0.0%) gas / (0xe151b5f8039b00b211a8810602bdd2327d3c8132c52ec20e0ba079dafe175f5c)","throwable":""}
{"timestamp":"2025-05-22T14:09:20,021","container":"450b2742ec55","level":"INFO","thread":"BftProcessorExecutor-QBFT-0","class":"QbftBesuControllerBuilder","message":"Produced #54 / 0 tx / 0 pending / 0 (0.0%) gas / (0x47f3eacf949452f45796d781a68af771bd171000935249ba567cb1f802c973e4)","throwable":""}
{"timestamp":"2025-05-22T14:09:28,018","container":"450b2742ec55","level":"INFO","thread":"BftProcessorExecutor-QBFT-0","class":"QbftBesuControllerBuilder","message":"Imported #55 / 0 tx / 0 pending / 0 (0.0%) gas / (0xca0de53bf63526927e93f3d386630cd9ccde24883c1008fad519a58d7fea9973)","throwable":""}
{"timestamp":"2025-05-22T14:09:36,027","container":"450b2742ec55","level":"INFO","thread":"BftProcessorExecutor-QBFT-0","class":"QbftBesuControllerBuilder","message":"Imported #56 / 1 tx / 0 pending / 2,000,000 (0.0%) gas / (0x74f835a172028cf8ea400b8e8d7a05a8396018d2202ca5ddd303dd1a7b18e73a)","throwable":""}
{"timestamp":"2025-05-22T14:09:44,029","container":"450b2742ec55","level":"INFO","thread":"BftProcessorExecutor-QBFT-0","class":"QbftBesuControllerBuilder","message":"Imported #57 / 1 tx / 0 pending / 21,888 (0.0%) gas / (0xa6937224b25aad3a0e6ebe19a5ac5d17ee2237eb31ddd0d29a1c1ee258879634)","throwable":""}
{"timestamp":"2025-05-22T14:09:52,018","container":"450b2742ec55","level":"INFO","thread":"BftProcessorExecutor-QBFT-0","class":"QbftBesuControllerBuilder","message":"Produced #58 / 0 tx / 0 pending / 0 (0.0%) gas / (0xf8600111a3c9bed3bb53f563263d381d2cb815b0e6eb36391604494386853459)","throwable":""}
{"timestamp":"2025-05-22T14:09:56,520","container":"450b2742ec55","level":"INFO","thread":"BftProcessorExecutor-QBFT-0","class":"BftProcessor","message":"Shutting down BFT event processor","throwable":""}
{"timestamp":"2025-05-22T14:09:56,522","container":"450b2742ec55","level":"INFO","thread":"BesuCommand-Shutdown-Hook","class":"DefaultSynchronizer","message":"Stopping synchronizer","throwable":""}
{"timestamp":"2025-05-22T14:09:56,526","container":"450b2742ec55","level":"INFO","thread":"BesuCommand-Shutdown-Hook","class":"NetworkRunner","message":"Stopping Network.","throwable":""}
{"timestamp":"2025-05-22T14:09:56,549","container":"450b2742ec55","level":"INFO","thread":"BesuCommand-Shutdown-Hook","class":"EthProtocolManager","message":"Stopping eth Subprotocol.","throwable":""}
{"timestamp":"2025-05-22T14:09:56,557","container":"450b2742ec55","level":"INFO","thread":"BesuCommand-Shutdown-Hook","class":"EthProtocolManager","message":"eth Subprotocol stopped.","throwable":""}
{"timestamp":"2025-05-22T14:09:56,558","container":"450b2742ec55","level":"INFO","thread":"BesuCommand-Shutdown-Hook","class":"NetworkRunner","message":"Network stopped.","throwable":""}
{"timestamp":"2025-05-22T14:09:56,560","container":"450b2742ec55","level":"INFO","thread":"BesuCommand-Shutdown-Hook","class":"AutoTransactionLogBloomCachingService","message":"Shutting down Auto transaction logs caching service.","throwable":""}
{"timestamp":"2025-05-22T14:09:56,564","container":"450b2742ec55","level":"INFO","thread":"BesuCommand-Shutdown-Hook","class":"DockerNatManager","message":"Stopping docker NAT manager.","throwable":""}
